<?xml version="1.0" encoding="UTF-8" standalone="yes"?><!DOCTYPE report PUBLIC "-//JACOCO//DTD Report 1.1//EN" "report.dtd"><report name="tournament-football-backend"><sessioninfo id="katia2024-750096ac" start="1754442592409" dump="1754442605456"/><package name="com/tournament_football_backend/config"><class name="com/tournament_football_backend/config/WebSecurityConfig" sourcefilename="WebSecurityConfig.java"><method name="&lt;init&gt;" desc="()V" line="28"><counter type="INSTRUCTION" missed="0" covered="3"/><counter type="LINE" missed="0" covered="1"/><counter type="COMPLEXITY" missed="0" covered="1"/><counter type="METHOD" missed="0" covered="1"/></method><method name="authenticationJwtTokenFilter" desc="()Lcom/tournament_football_backend/config/AuthTokenFilter;" line="38"><counter type="INSTRUCTION" missed="0" covered="4"/><counter type="LINE" missed="0" covered="1"/><counter type="COMPLEXITY" missed="0" covered="1"/><counter type="METHOD" missed="0" covered="1"/></method><method name="authenticationProvider" desc="()Lorg/springframework/security/authentication/dao/DaoAuthenticationProvider;" line="43"><counter type="INSTRUCTION" missed="0" covered="14"/><counter type="LINE" missed="0" covered="4"/><counter type="COMPLEXITY" missed="0" covered="1"/><counter type="METHOD" missed="0" covered="1"/></method><method name="authenticationManager" desc="(Lorg/springframework/security/config/annotation/authentication/configuration/AuthenticationConfiguration;)Lorg/springframework/security/authentication/AuthenticationManager;" line="51"><counter type="INSTRUCTION" missed="0" covered="3"/><counter type="LINE" missed="0" covered="1"/><counter type="COMPLEXITY" missed="0" covered="1"/><counter type="METHOD" missed="0" covered="1"/></method><method name="passwordEncoder" desc="()Lorg/springframework/security/crypto/password/PasswordEncoder;" line="56"><counter type="INSTRUCTION" missed="0" covered="4"/><counter type="LINE" missed="0" covered="1"/><counter type="COMPLEXITY" missed="0" covered="1"/><counter type="METHOD" missed="0" covered="1"/></method><method name="filterChain" desc="(Lorg/springframework/security/config/annotation/web/builders/HttpSecurity;)Lorg/springframework/security/web/SecurityFilterChain;" line="61"><counter type="INSTRUCTION" missed="0" covered="24"/><counter type="LINE" missed="0" covered="8"/><counter type="COMPLEXITY" missed="0" covered="1"/><counter type="METHOD" missed="0" covered="1"/></method><method name="corsConfigurationSource" desc="()Lorg/springframework/web/cors/CorsConfigurationSource;" line="80"><counter type="INSTRUCTION" missed="0" covered="66"/><counter type="LINE" missed="0" covered="9"/><counter type="COMPLEXITY" missed="0" covered="1"/><counter type="METHOD" missed="0" covered="1"/></method><method name="lambda$filterChain$3" desc="(Lorg/springframework/security/config/annotation/web/configurers/AuthorizeHttpRequestsConfigurer$AuthorizationManagerRequestMatcherRegistry;)V" line="67"><counter type="INSTRUCTION" missed="0" covered="34"/><counter type="LINE" missed="0" covered="4"/><counter type="COMPLEXITY" missed="0" covered="1"/><counter type="METHOD" missed="0" covered="1"/></method><method name="lambda$filterChain$2" desc="(Lorg/springframework/security/config/annotation/web/configurers/SessionManagementConfigurer;)V" line="65"><counter type="INSTRUCTION" missed="0" covered="5"/><counter type="LINE" missed="0" covered="1"/><counter type="COMPLEXITY" missed="0" covered="1"/><counter type="METHOD" missed="0" covered="1"/></method><method name="lambda$filterChain$1" desc="(Lorg/springframework/security/config/annotation/web/configurers/ExceptionHandlingConfigurer;)V" line="64"><counter type="INSTRUCTION" missed="0" covered="6"/><counter type="LINE" missed="0" covered="1"/><counter type="COMPLEXITY" missed="0" covered="1"/><counter type="METHOD" missed="0" covered="1"/></method><method name="lambda$filterChain$0" desc="(Lorg/springframework/security/config/annotation/web/configurers/CorsConfigurer;)V" line="63"><counter type="INSTRUCTION" missed="0" covered="6"/><counter type="LINE" missed="0" covered="1"/><counter type="COMPLEXITY" missed="0" covered="1"/><counter type="METHOD" missed="0" covered="1"/></method><counter type="INSTRUCTION" missed="0" covered="169"/><counter type="LINE" missed="0" covered="29"/><counter type="COMPLEXITY" missed="0" covered="11"/><counter type="METHOD" missed="0" covered="11"/><counter type="CLASS" missed="0" covered="1"/></class><class name="com/tournament_football_backend/config/AuthEntryPointJwt" sourcefilename="AuthEntryPointJwt.java"><method name="&lt;init&gt;" desc="()V" line="19"><counter type="INSTRUCTION" missed="0" covered="3"/><counter type="LINE" missed="0" covered="1"/><counter type="COMPLEXITY" missed="0" covered="1"/><counter type="METHOD" missed="0" covered="1"/></method><method name="commence" desc="(Ljakarta/servlet/http/HttpServletRequest;Ljakarta/servlet/http/HttpServletResponse;Lorg/springframework/security/core/AuthenticationException;)V" line="26"><counter type="INSTRUCTION" missed="48" covered="0"/><counter type="LINE" missed="11" covered="0"/><counter type="COMPLEXITY" missed="1" covered="0"/><counter type="METHOD" missed="1" covered="0"/></method><method name="&lt;clinit&gt;" desc="()V" line="21"><counter type="INSTRUCTION" missed="0" covered="4"/><counter type="LINE" missed="0" covered="1"/><counter type="COMPLEXITY" missed="0" covered="1"/><counter type="METHOD" missed="0" covered="1"/></method><counter type="INSTRUCTION" missed="48" covered="7"/><counter type="LINE" missed="11" covered="2"/><counter type="COMPLEXITY" missed="1" covered="2"/><counter type="METHOD" missed="1" covered="2"/><counter type="CLASS" missed="0" covered="1"/></class><class name="com/tournament_football_backend/config/AuthTokenFilter" sourcefilename="AuthTokenFilter.java"><method name="&lt;init&gt;" desc="()V" line="20"><counter type="INSTRUCTION" missed="0" covered="3"/><counter type="LINE" missed="0" covered="1"/><counter type="COMPLEXITY" missed="0" covered="1"/><counter type="METHOD" missed="0" covered="1"/></method><method name="doFilterInternal" desc="(Ljakarta/servlet/http/HttpServletRequest;Ljakarta/servlet/http/HttpServletResponse;Ljakarta/servlet/FilterChain;)V" line="34"><counter type="INSTRUCTION" missed="50" covered="0"/><counter type="BRANCH" missed="4" covered="0"/><counter type="LINE" missed="13" covered="0"/><counter type="COMPLEXITY" missed="3" covered="0"/><counter type="METHOD" missed="1" covered="0"/></method><method name="parseJwt" desc="(Ljakarta/servlet/http/HttpServletRequest;)Ljava/lang/String;" line="53"><counter type="INSTRUCTION" missed="17" covered="0"/><counter type="BRANCH" missed="4" covered="0"/><counter type="LINE" missed="4" covered="0"/><counter type="COMPLEXITY" missed="3" covered="0"/><counter type="METHOD" missed="1" covered="0"/></method><method name="&lt;clinit&gt;" desc="()V" line="28"><counter type="INSTRUCTION" missed="0" covered="4"/><counter type="LINE" missed="0" covered="1"/><counter type="COMPLEXITY" missed="0" covered="1"/><counter type="METHOD" missed="0" covered="1"/></method><counter type="INSTRUCTION" missed="67" covered="7"/><counter type="BRANCH" missed="8" covered="0"/><counter type="LINE" missed="17" covered="2"/><counter type="COMPLEXITY" missed="6" covered="2"/><counter type="METHOD" missed="2" covered="2"/><counter type="CLASS" missed="0" covered="1"/></class><class name="com/tournament_football_backend/config/JwtUtils" sourcefilename="JwtUtils.java"><method name="&lt;init&gt;" desc="()V" line="17"><counter type="INSTRUCTION" missed="0" covered="3"/><counter type="LINE" missed="0" covered="1"/><counter type="COMPLEXITY" missed="0" covered="1"/><counter type="METHOD" missed="0" covered="1"/></method><method name="generateJwtToken" desc="(Lorg/springframework/security/core/Authentication;)Ljava/lang/String;" line="28"><counter type="INSTRUCTION" missed="9" covered="0"/><counter type="LINE" missed="2" covered="0"/><counter type="COMPLEXITY" missed="1" covered="0"/><counter type="METHOD" missed="1" covered="0"/></method><method name="generateTokenFromUsername" desc="(Ljava/lang/String;)Ljava/lang/String;" line="33"><counter type="INSTRUCTION" missed="25" covered="0"/><counter type="LINE" missed="6" covered="0"/><counter type="COMPLEXITY" missed="1" covered="0"/><counter type="METHOD" missed="1" covered="0"/></method><method name="key" desc="()Ljava/security/Key;" line="42"><counter type="INSTRUCTION" missed="7" covered="0"/><counter type="LINE" missed="1" covered="0"/><counter type="COMPLEXITY" missed="1" covered="0"/><counter type="METHOD" missed="1" covered="0"/></method><method name="getUserNameFromJwtToken" desc="(Ljava/lang/String;)Ljava/lang/String;" line="46"><counter type="INSTRUCTION" missed="11" covered="0"/><counter type="LINE" missed="6" covered="0"/><counter type="COMPLEXITY" missed="1" covered="0"/><counter type="METHOD" missed="1" covered="0"/></method><method name="validateJwtToken" desc="(Ljava/lang/String;)Z" line="56"><counter type="INSTRUCTION" missed="39" covered="0"/><counter type="LINE" missed="12" covered="0"/><counter type="COMPLEXITY" missed="1" covered="0"/><counter type="METHOD" missed="1" covered="0"/></method><method name="&lt;clinit&gt;" desc="()V" line="19"><counter type="INSTRUCTION" missed="0" covered="4"/><counter type="LINE" missed="0" covered="1"/><counter type="COMPLEXITY" missed="0" covered="1"/><counter type="METHOD" missed="0" covered="1"/></method><counter type="INSTRUCTION" missed="91" covered="7"/><counter type="LINE" missed="27" covered="2"/><counter type="COMPLEXITY" missed="5" covered="2"/><counter type="METHOD" missed="5" covered="2"/><counter type="CLASS" missed="0" covered="1"/></class><sourcefile name="AuthEntryPointJwt.java"><line nr="19" mi="0" ci="3" mb="0" cb="0"/><line nr="21" mi="0" ci="4" mb="0" cb="0"/><line nr="26" mi="5" ci="0" mb="0" cb="0"/><line nr="28" mi="3" ci="0" mb="0" cb="0"/><line nr="29" mi="3" ci="0" mb="0" cb="0"/><line nr="31" mi="4" ci="0" mb="0" cb="0"/><line nr="32" mi="6" ci="0" mb="0" cb="0"/><line nr="33" mi="5" ci="0" mb="0" cb="0"/><line nr="34" mi="6" ci="0" mb="0" cb="0"/><line nr="35" mi="6" ci="0" mb="0" cb="0"/><line nr="37" mi="4" ci="0" mb="0" cb="0"/><line nr="38" mi="5" ci="0" mb="0" cb="0"/><line nr="39" mi="1" ci="0" mb="0" cb="0"/><counter type="INSTRUCTION" missed="48" covered="7"/><counter type="LINE" missed="11" covered="2"/><counter type="COMPLEXITY" missed="1" covered="2"/><counter type="METHOD" missed="1" covered="2"/><counter type="CLASS" missed="0" covered="1"/></sourcefile><sourcefile name="WebSecurityConfig.java"><line nr="28" mi="0" ci="3" mb="0" cb="0"/><line nr="38" mi="0" ci="4" mb="0" cb="0"/><line nr="43" mi="0" ci="4" mb="0" cb="0"/><line nr="44" mi="0" ci="4" mb="0" cb="0"/><line nr="45" mi="0" ci="4" mb="0" cb="0"/><line nr="46" mi="0" ci="2" mb="0" cb="0"/><line nr="51" mi="0" ci="3" mb="0" cb="0"/><line nr="56" mi="0" ci="4" mb="0" cb="0"/><line nr="61" mi="0" ci="2" mb="0" cb="0"/><line nr="62" mi="0" ci="3" mb="0" cb="0"/><line nr="63" mi="0" ci="9" mb="0" cb="0"/><line nr="64" mi="0" ci="8" mb="0" cb="0"/><line nr="65" mi="0" ci="7" mb="0" cb="0"/><line nr="66" mi="0" ci="2" mb="0" cb="0"/><line nr="67" mi="0" ci="9" mb="0" cb="0"/><line nr="68" mi="0" ci="9" mb="0" cb="0"/><line nr="69" mi="0" ci="4" mb="0" cb="0"/><line nr="70" mi="0" ci="12" mb="0" cb="0"/><line nr="73" mi="0" ci="6" mb="0" cb="0"/><line nr="75" mi="0" ci="4" mb="0" cb="0"/><line nr="80" mi="0" ci="4" mb="0" cb="0"/><line nr="81" mi="0" ci="10" mb="0" cb="0"/><line nr="82" mi="0" ci="25" mb="0" cb="0"/><line nr="83" mi="0" ci="9" mb="0" cb="0"/><line nr="84" mi="0" ci="4" mb="0" cb="0"/><line nr="85" mi="0" ci="4" mb="0" cb="0"/><line nr="86" mi="0" ci="4" mb="0" cb="0"/><line nr="87" mi="0" ci="4" mb="0" cb="0"/><line nr="88" mi="0" ci="2" mb="0" cb="0"/><counter type="INSTRUCTION" missed="0" covered="169"/><counter type="LINE" missed="0" covered="29"/><counter type="COMPLEXITY" missed="0" covered="11"/><counter type="METHOD" missed="0" covered="11"/><counter type="CLASS" missed="0" covered="1"/></sourcefile><sourcefile name="JwtUtils.java"><line nr="17" mi="0" ci="3" mb="0" cb="0"/><line nr="19" mi="0" ci="4" mb="0" cb="0"/><line nr="28" mi="4" ci="0" mb="0" cb="0"/><line nr="29" mi="5" ci="0" mb="0" cb="0"/><line nr="33" mi="3" ci="0" mb="0" cb="0"/><line nr="34" mi="4" ci="0" mb="0" cb="0"/><line nr="35" mi="6" ci="0" mb="0" cb="0"/><line nr="36" mi="8" ci="0" mb="0" cb="0"/><line nr="37" mi="3" ci="0" mb="0" cb="0"/><line nr="38" mi="1" ci="0" mb="0" cb="0"/><line nr="42" mi="7" ci="0" mb="0" cb="0"/><line nr="46" mi="3" ci="0" mb="0" cb="0"/><line nr="47" mi="2" ci="0" mb="0" cb="0"/><line nr="48" mi="2" ci="0" mb="0" cb="0"/><line nr="49" mi="1" ci="0" mb="0" cb="0"/><line nr="50" mi="2" ci="0" mb="0" cb="0"/><line nr="51" mi="1" ci="0" mb="0" cb="0"/><line nr="56" mi="8" ci="0" mb="0" cb="0"/><line nr="57" mi="2" ci="0" mb="0" cb="0"/><line nr="58" mi="1" ci="0" mb="0" cb="0"/><line nr="59" mi="5" ci="0" mb="0" cb="0"/><line nr="60" mi="1" ci="0" mb="0" cb="0"/><line nr="61" mi="5" ci="0" mb="0" cb="0"/><line nr="62" mi="1" ci="0" mb="0" cb="0"/><line nr="63" mi="5" ci="0" mb="0" cb="0"/><line nr="64" mi="1" ci="0" mb="0" cb="0"/><line nr="65" mi="5" ci="0" mb="0" cb="0"/><line nr="66" mi="3" ci="0" mb="0" cb="0"/><line nr="67" mi="2" ci="0" mb="0" cb="0"/><counter type="INSTRUCTION" missed="91" covered="7"/><counter type="LINE" missed="27" covered="2"/><counter type="COMPLEXITY" missed="5" covered="2"/><counter type="METHOD" missed="5" covered="2"/><counter type="CLASS" missed="0" covered="1"/></sourcefile><sourcefile name="AuthTokenFilter.java"><line nr="20" mi="0" ci="3" mb="0" cb="0"/><line nr="28" mi="0" ci="4" mb="0" cb="0"/><line nr="34" mi="4" ci="0" mb="0" cb="0"/><line nr="35" mi="7" ci="0" mb="4" cb="0"/><line nr="36" mi="5" ci="0" mb="0" cb="0"/><line nr="38" mi="5" ci="0" mb="0" cb="0"/><line nr="39" mi="5" ci="0" mb="0" cb="0"/><line nr="40" mi="3" ci="0" mb="0" cb="0"/><line nr="41" mi="7" ci="0" mb="0" cb="0"/><line nr="43" mi="3" ci="0" mb="0" cb="0"/><line nr="45" mi="1" ci="0" mb="0" cb="0"/><line nr="46" mi="4" ci="0" mb="0" cb="0"/><line nr="47" mi="1" ci="0" mb="0" cb="0"/><line nr="49" mi="4" ci="0" mb="0" cb="0"/><line nr="50" mi="1" ci="0" mb="0" cb="0"/><line nr="53" mi="4" ci="0" mb="0" cb="0"/><line nr="55" mi="7" ci="0" mb="4" cb="0"/><line nr="56" mi="4" ci="0" mb="0" cb="0"/><line nr="59" mi="2" ci="0" mb="0" cb="0"/><counter type="INSTRUCTION" missed="67" covered="7"/><counter type="BRANCH" missed="8" covered="0"/><counter type="LINE" missed="17" covered="2"/><counter type="COMPLEXITY" missed="6" covered="2"/><counter type="METHOD" missed="2" covered="2"/><counter type="CLASS" missed="0" covered="1"/></sourcefile><counter type="INSTRUCTION" missed="206" covered="190"/><counter type="BRANCH" missed="8" covered="0"/><counter type="LINE" missed="55" covered="35"/><counter type="COMPLEXITY" missed="12" covered="17"/><counter type="METHOD" missed="8" covered="17"/><counter type="CLASS" missed="0" covered="4"/></package><package name="com/tournament_football_backend/model"><class name="com/tournament_football_backend/model/Team" sourcefilename="Team.java"><method name="&lt;init&gt;" desc="()V" line="28"><counter type="INSTRUCTION" missed="0" covered="16"/><counter type="LINE" missed="0" covered="5"/><counter type="COMPLEXITY" missed="0" covered="1"/><counter type="METHOD" missed="0" covered="1"/></method><method name="addPlayer" desc="(Lcom/tournament_football_backend/model/User;)V" line="45"><counter type="INSTRUCTION" missed="0" covered="11"/><counter type="LINE" missed="0" covered="3"/><counter type="COMPLEXITY" missed="0" covered="1"/><counter type="METHOD" missed="0" covered="1"/></method><method name="removePlayer" desc="(Lcom/tournament_football_backend/model/User;)V" line="50"><counter type="INSTRUCTION" missed="0" covered="11"/><counter type="LINE" missed="0" covered="3"/><counter type="COMPLEXITY" missed="0" covered="1"/><counter type="METHOD" missed="0" covered="1"/></method><method name="getId" desc="()Ljava/lang/Long;" line="55"><counter type="INSTRUCTION" missed="0" covered="3"/><counter type="LINE" missed="0" covered="1"/><counter type="COMPLEXITY" missed="0" covered="1"/><counter type="METHOD" missed="0" covered="1"/></method><method name="setId" desc="(Ljava/lang/Long;)V" line="56"><counter type="INSTRUCTION" missed="0" covered="4"/><counter type="LINE" missed="0" covered="1"/><counter type="COMPLEXITY" missed="0" covered="1"/><counter type="METHOD" missed="0" covered="1"/></method><method name="getName" desc="()Ljava/lang/String;" line="58"><counter type="INSTRUCTION" missed="0" covered="3"/><counter type="LINE" missed="0" covered="1"/><counter type="COMPLEXITY" missed="0" covered="1"/><counter type="METHOD" missed="0" covered="1"/></method><method name="setName" desc="(Ljava/lang/String;)V" line="59"><counter type="INSTRUCTION" missed="0" covered="4"/><counter type="LINE" missed="0" covered="1"/><counter type="COMPLEXITY" missed="0" covered="1"/><counter type="METHOD" missed="0" covered="1"/></method><method name="getCreatedAt" desc="()Ljava/time/LocalDateTime;" line="61"><counter type="INSTRUCTION" missed="0" covered="3"/><counter type="LINE" missed="0" covered="1"/><counter type="COMPLEXITY" missed="0" covered="1"/><counter type="METHOD" missed="0" covered="1"/></method><method name="setCreatedAt" desc="(Ljava/time/LocalDateTime;)V" line="62"><counter type="INSTRUCTION" missed="0" covered="4"/><counter type="LINE" missed="0" covered="1"/><counter type="COMPLEXITY" missed="0" covered="1"/><counter type="METHOD" missed="0" covered="1"/></method><method name="getPlayers" desc="()Ljava/util/Set;" line="64"><counter type="INSTRUCTION" missed="0" covered="3"/><counter type="LINE" missed="0" covered="1"/><counter type="COMPLEXITY" missed="0" covered="1"/><counter type="METHOD" missed="0" covered="1"/></method><method name="setPlayers" desc="(Ljava/util/Set;)V" line="65"><counter type="INSTRUCTION" missed="0" covered="4"/><counter type="LINE" missed="0" covered="1"/><counter type="COMPLEXITY" missed="0" covered="1"/><counter type="METHOD" missed="0" covered="1"/></method><method name="getTournaments" desc="()Ljava/util/Set;" line="67"><counter type="INSTRUCTION" missed="0" covered="3"/><counter type="LINE" missed="0" covered="1"/><counter type="COMPLEXITY" missed="0" covered="1"/><counter type="METHOD" missed="0" covered="1"/></method><method name="setTournaments" desc="(Ljava/util/Set;)V" line="68"><counter type="INSTRUCTION" missed="4" covered="0"/><counter type="LINE" missed="1" covered="0"/><counter type="COMPLEXITY" missed="1" covered="0"/><counter type="METHOD" missed="1" covered="0"/></method><method name="toString" desc="()Ljava/lang/String;" line="72"><counter type="INSTRUCTION" missed="9" covered="0"/><counter type="LINE" missed="2" covered="0"/><counter type="COMPLEXITY" missed="1" covered="0"/><counter type="METHOD" missed="1" covered="0"/></method><counter type="INSTRUCTION" missed="13" covered="69"/><counter type="LINE" missed="3" covered="20"/><counter type="COMPLEXITY" missed="2" covered="12"/><counter type="METHOD" missed="2" covered="12"/><counter type="CLASS" missed="0" covered="1"/></class><class name="com/tournament_football_backend/model/Role" sourcefilename="Role.java"><method name="&lt;clinit&gt;" desc="()V" line="3"><counter type="INSTRUCTION" missed="0" covered="15"/><counter type="LINE" missed="0" covered="3"/><counter type="COMPLEXITY" missed="0" covered="1"/><counter type="METHOD" missed="0" covered="1"/></method><counter type="INSTRUCTION" missed="0" covered="15"/><counter type="LINE" missed="0" covered="3"/><counter type="COMPLEXITY" missed="0" covered="1"/><counter type="METHOD" missed="0" covered="1"/><counter type="CLASS" missed="0" covered="1"/></class><class name="com/tournament_football_backend/model/Profile" sourcefilename="Profile.java"><method name="&lt;init&gt;" desc="()V" line="38"><counter type="INSTRUCTION" missed="0" covered="3"/><counter type="LINE" missed="0" covered="1"/><counter type="COMPLEXITY" missed="0" covered="1"/><counter type="METHOD" missed="0" covered="1"/></method><method name="getId" desc="()Ljava/lang/Long;" line="40"><counter type="INSTRUCTION" missed="0" covered="3"/><counter type="LINE" missed="0" covered="1"/><counter type="COMPLEXITY" missed="0" covered="1"/><counter type="METHOD" missed="0" covered="1"/></method><method name="setId" desc="(Ljava/lang/Long;)V" line="41"><counter type="INSTRUCTION" missed="0" covered="4"/><counter type="LINE" missed="0" covered="1"/><counter type="COMPLEXITY" missed="0" covered="1"/><counter type="METHOD" missed="0" covered="1"/></method><method name="getFirstName" desc="()Ljava/lang/String;" line="43"><counter type="INSTRUCTION" missed="0" covered="3"/><counter type="LINE" missed="0" covered="1"/><counter type="COMPLEXITY" missed="0" covered="1"/><counter type="METHOD" missed="0" covered="1"/></method><method name="setFirstName" desc="(Ljava/lang/String;)V" line="44"><counter type="INSTRUCTION" missed="0" covered="4"/><counter type="LINE" missed="0" covered="1"/><counter type="COMPLEXITY" missed="0" covered="1"/><counter type="METHOD" missed="0" covered="1"/></method><method name="getLastName" desc="()Ljava/lang/String;" line="46"><counter type="INSTRUCTION" missed="0" covered="3"/><counter type="LINE" missed="0" covered="1"/><counter type="COMPLEXITY" missed="0" covered="1"/><counter type="METHOD" missed="0" covered="1"/></method><method name="setLastName" desc="(Ljava/lang/String;)V" line="47"><counter type="INSTRUCTION" missed="0" covered="4"/><counter type="LINE" missed="0" covered="1"/><counter type="COMPLEXITY" missed="0" covered="1"/><counter type="METHOD" missed="0" covered="1"/></method><method name="getBirthDate" desc="()Ljava/time/LocalDate;" line="49"><counter type="INSTRUCTION" missed="0" covered="3"/><counter type="LINE" missed="0" covered="1"/><counter type="COMPLEXITY" missed="0" covered="1"/><counter type="METHOD" missed="0" covered="1"/></method><method name="setBirthDate" desc="(Ljava/time/LocalDate;)V" line="50"><counter type="INSTRUCTION" missed="0" covered="4"/><counter type="LINE" missed="0" covered="1"/><counter type="COMPLEXITY" missed="0" covered="1"/><counter type="METHOD" missed="0" covered="1"/></method><method name="getPhone" desc="()Ljava/lang/String;" line="52"><counter type="INSTRUCTION" missed="0" covered="3"/><counter type="LINE" missed="0" covered="1"/><counter type="COMPLEXITY" missed="0" covered="1"/><counter type="METHOD" missed="0" covered="1"/></method><method name="setPhone" desc="(Ljava/lang/String;)V" line="53"><counter type="INSTRUCTION" missed="0" covered="4"/><counter type="LINE" missed="0" covered="1"/><counter type="COMPLEXITY" missed="0" covered="1"/><counter type="METHOD" missed="0" covered="1"/></method><method name="getCity" desc="()Ljava/lang/String;" line="55"><counter type="INSTRUCTION" missed="0" covered="3"/><counter type="LINE" missed="0" covered="1"/><counter type="COMPLEXITY" missed="0" covered="1"/><counter type="METHOD" missed="0" covered="1"/></method><method name="setCity" desc="(Ljava/lang/String;)V" line="56"><counter type="INSTRUCTION" missed="0" covered="4"/><counter type="LINE" missed="0" covered="1"/><counter type="COMPLEXITY" missed="0" covered="1"/><counter type="METHOD" missed="0" covered="1"/></method><method name="getBio" desc="()Ljava/lang/String;" line="58"><counter type="INSTRUCTION" missed="0" covered="3"/><counter type="LINE" missed="0" covered="1"/><counter type="COMPLEXITY" missed="0" covered="1"/><counter type="METHOD" missed="0" covered="1"/></method><method name="setBio" desc="(Ljava/lang/String;)V" line="59"><counter type="INSTRUCTION" missed="0" covered="4"/><counter type="LINE" missed="0" covered="1"/><counter type="COMPLEXITY" missed="0" covered="1"/><counter type="METHOD" missed="0" covered="1"/></method><method name="getUser" desc="()Lcom/tournament_football_backend/model/User;" line="61"><counter type="INSTRUCTION" missed="3" covered="0"/><counter type="LINE" missed="1" covered="0"/><counter type="COMPLEXITY" missed="1" covered="0"/><counter type="METHOD" missed="1" covered="0"/></method><method name="setUser" desc="(Lcom/tournament_football_backend/model/User;)V" line="62"><counter type="INSTRUCTION" missed="0" covered="4"/><counter type="LINE" missed="0" covered="1"/><counter type="COMPLEXITY" missed="0" covered="1"/><counter type="METHOD" missed="0" covered="1"/></method><counter type="INSTRUCTION" missed="3" covered="56"/><counter type="LINE" missed="1" covered="16"/><counter type="COMPLEXITY" missed="1" covered="16"/><counter type="METHOD" missed="1" covered="16"/><counter type="CLASS" missed="0" covered="1"/></class><class name="com/tournament_football_backend/model/Tournament" sourcefilename="Tournament.java"><method name="&lt;init&gt;" desc="()V" line="38"><counter type="INSTRUCTION" missed="0" covered="23"/><counter type="LINE" missed="0" covered="8"/><counter type="COMPLEXITY" missed="0" covered="1"/><counter type="METHOD" missed="0" covered="1"/></method><method name="addTeam" desc="(Lcom/tournament_football_backend/model/Team;)V" line="65"><counter type="INSTRUCTION" missed="0" covered="18"/><counter type="BRANCH" missed="1" covered="1"/><counter type="LINE" missed="0" covered="4"/><counter type="COMPLEXITY" missed="1" covered="1"/><counter type="METHOD" missed="0" covered="1"/></method><method name="removeTeam" desc="(Lcom/tournament_football_backend/model/Team;)V" line="72"><counter type="INSTRUCTION" missed="0" covered="11"/><counter type="LINE" missed="0" covered="3"/><counter type="COMPLEXITY" missed="0" covered="1"/><counter type="METHOD" missed="0" covered="1"/></method><method name="isFull" desc="()Z" line="77"><counter type="INSTRUCTION" missed="0" covered="11"/><counter type="BRANCH" missed="0" covered="2"/><counter type="LINE" missed="0" covered="1"/><counter type="COMPLEXITY" missed="0" covered="2"/><counter type="METHOD" missed="0" covered="1"/></method><method name="getId" desc="()Ljava/lang/Long;" line="81"><counter type="INSTRUCTION" missed="0" covered="3"/><counter type="LINE" missed="0" covered="1"/><counter type="COMPLEXITY" missed="0" covered="1"/><counter type="METHOD" missed="0" covered="1"/></method><method name="setId" desc="(Ljava/lang/Long;)V" line="82"><counter type="INSTRUCTION" missed="0" covered="4"/><counter type="LINE" missed="0" covered="1"/><counter type="COMPLEXITY" missed="0" covered="1"/><counter type="METHOD" missed="0" covered="1"/></method><method name="getName" desc="()Ljava/lang/String;" line="84"><counter type="INSTRUCTION" missed="0" covered="3"/><counter type="LINE" missed="0" covered="1"/><counter type="COMPLEXITY" missed="0" covered="1"/><counter type="METHOD" missed="0" covered="1"/></method><method name="setName" desc="(Ljava/lang/String;)V" line="85"><counter type="INSTRUCTION" missed="0" covered="4"/><counter type="LINE" missed="0" covered="1"/><counter type="COMPLEXITY" missed="0" covered="1"/><counter type="METHOD" missed="0" covered="1"/></method><method name="getDescription" desc="()Ljava/lang/String;" line="87"><counter type="INSTRUCTION" missed="0" covered="3"/><counter type="LINE" missed="0" covered="1"/><counter type="COMPLEXITY" missed="0" covered="1"/><counter type="METHOD" missed="0" covered="1"/></method><method name="setDescription" desc="(Ljava/lang/String;)V" line="88"><counter type="INSTRUCTION" missed="0" covered="4"/><counter type="LINE" missed="0" covered="1"/><counter type="COMPLEXITY" missed="0" covered="1"/><counter type="METHOD" missed="0" covered="1"/></method><method name="getStartDate" desc="()Ljava/time/LocalDate;" line="90"><counter type="INSTRUCTION" missed="0" covered="3"/><counter type="LINE" missed="0" covered="1"/><counter type="COMPLEXITY" missed="0" covered="1"/><counter type="METHOD" missed="0" covered="1"/></method><method name="setStartDate" desc="(Ljava/time/LocalDate;)V" line="91"><counter type="INSTRUCTION" missed="0" covered="4"/><counter type="LINE" missed="0" covered="1"/><counter type="COMPLEXITY" missed="0" covered="1"/><counter type="METHOD" missed="0" covered="1"/></method><method name="getEndDate" desc="()Ljava/time/LocalDate;" line="93"><counter type="INSTRUCTION" missed="0" covered="3"/><counter type="LINE" missed="0" covered="1"/><counter type="COMPLEXITY" missed="0" covered="1"/><counter type="METHOD" missed="0" covered="1"/></method><method name="setEndDate" desc="(Ljava/time/LocalDate;)V" line="94"><counter type="INSTRUCTION" missed="0" covered="4"/><counter type="LINE" missed="0" covered="1"/><counter type="COMPLEXITY" missed="0" covered="1"/><counter type="METHOD" missed="0" covered="1"/></method><method name="getMaxTeams" desc="()Ljava/lang/Integer;" line="96"><counter type="INSTRUCTION" missed="0" covered="3"/><counter type="LINE" missed="0" covered="1"/><counter type="COMPLEXITY" missed="0" covered="1"/><counter type="METHOD" missed="0" covered="1"/></method><method name="setMaxTeams" desc="(Ljava/lang/Integer;)V" line="97"><counter type="INSTRUCTION" missed="0" covered="4"/><counter type="LINE" missed="0" covered="1"/><counter type="COMPLEXITY" missed="0" covered="1"/><counter type="METHOD" missed="0" covered="1"/></method><method name="getStatus" desc="()Lcom/tournament_football_backend/model/TournamentStatus;" line="99"><counter type="INSTRUCTION" missed="0" covered="3"/><counter type="LINE" missed="0" covered="1"/><counter type="COMPLEXITY" missed="0" covered="1"/><counter type="METHOD" missed="0" covered="1"/></method><method name="setStatus" desc="(Lcom/tournament_football_backend/model/TournamentStatus;)V" line="100"><counter type="INSTRUCTION" missed="0" covered="4"/><counter type="LINE" missed="0" covered="1"/><counter type="COMPLEXITY" missed="0" covered="1"/><counter type="METHOD" missed="0" covered="1"/></method><method name="getCreatedAt" desc="()Ljava/time/LocalDateTime;" line="102"><counter type="INSTRUCTION" missed="0" covered="3"/><counter type="LINE" missed="0" covered="1"/><counter type="COMPLEXITY" missed="0" covered="1"/><counter type="METHOD" missed="0" covered="1"/></method><method name="setCreatedAt" desc="(Ljava/time/LocalDateTime;)V" line="103"><counter type="INSTRUCTION" missed="0" covered="4"/><counter type="LINE" missed="0" covered="1"/><counter type="COMPLEXITY" missed="0" covered="1"/><counter type="METHOD" missed="0" covered="1"/></method><method name="getParticipatingTeams" desc="()Ljava/util/Set;" line="105"><counter type="INSTRUCTION" missed="0" covered="3"/><counter type="LINE" missed="0" covered="1"/><counter type="COMPLEXITY" missed="0" covered="1"/><counter type="METHOD" missed="0" covered="1"/></method><method name="setParticipatingTeams" desc="(Ljava/util/Set;)V" line="106"><counter type="INSTRUCTION" missed="0" covered="4"/><counter type="LINE" missed="0" covered="1"/><counter type="COMPLEXITY" missed="0" covered="1"/><counter type="METHOD" missed="0" covered="1"/></method><method name="getMatches" desc="()Ljava/util/Set;" line="108"><counter type="INSTRUCTION" missed="3" covered="0"/><counter type="LINE" missed="1" covered="0"/><counter type="COMPLEXITY" missed="1" covered="0"/><counter type="METHOD" missed="1" covered="0"/></method><method name="setMatches" desc="(Ljava/util/Set;)V" line="109"><counter type="INSTRUCTION" missed="4" covered="0"/><counter type="LINE" missed="1" covered="0"/><counter type="COMPLEXITY" missed="1" covered="0"/><counter type="METHOD" missed="1" covered="0"/></method><counter type="INSTRUCTION" missed="7" covered="126"/><counter type="BRANCH" missed="1" covered="3"/><counter type="LINE" missed="2" covered="34"/><counter type="COMPLEXITY" missed="3" covered="23"/><counter type="METHOD" missed="2" covered="22"/><counter type="CLASS" missed="0" covered="1"/></class><class name="com/tournament_football_backend/model/MatchStatus" sourcefilename="MatchStatus.java"><method name="&lt;clinit&gt;" desc="()V" line="3"><counter type="INSTRUCTION" missed="0" covered="39"/><counter type="LINE" missed="0" covered="7"/><counter type="COMPLEXITY" missed="0" covered="1"/><counter type="METHOD" missed="0" covered="1"/></method><counter type="INSTRUCTION" missed="0" covered="39"/><counter type="LINE" missed="0" covered="7"/><counter type="COMPLEXITY" missed="0" covered="1"/><counter type="METHOD" missed="0" covered="1"/><counter type="CLASS" missed="0" covered="1"/></class><class name="com/tournament_football_backend/model/Match" sourcefilename="Match.java"><method name="&lt;init&gt;" desc="()V" line="34"><counter type="INSTRUCTION" missed="0" covered="17"/><counter type="LINE" missed="0" covered="8"/><counter type="COMPLEXITY" missed="0" covered="1"/><counter type="METHOD" missed="0" covered="1"/></method><method name="getResult" desc="()Ljava/lang/String;" line="54"><counter type="INSTRUCTION" missed="0" covered="12"/><counter type="BRANCH" missed="0" covered="2"/><counter type="LINE" missed="0" covered="3"/><counter type="COMPLEXITY" missed="0" covered="2"/><counter type="METHOD" missed="0" covered="1"/></method><method name="getWinner" desc="()Lcom/tournament_football_backend/model/Team;" line="61"><counter type="INSTRUCTION" missed="26" covered="0"/><counter type="BRANCH" missed="6" covered="0"/><counter type="LINE" missed="4" covered="0"/><counter type="COMPLEXITY" missed="4" covered="0"/><counter type="METHOD" missed="1" covered="0"/></method><method name="getId" desc="()Ljava/lang/Long;" line="69"><counter type="INSTRUCTION" missed="0" covered="3"/><counter type="LINE" missed="0" covered="1"/><counter type="COMPLEXITY" missed="0" covered="1"/><counter type="METHOD" missed="0" covered="1"/></method><method name="setId" desc="(Ljava/lang/Long;)V" line="70"><counter type="INSTRUCTION" missed="0" covered="4"/><counter type="LINE" missed="0" covered="1"/><counter type="COMPLEXITY" missed="0" covered="1"/><counter type="METHOD" missed="0" covered="1"/></method><method name="getHomeTeam" desc="()Lcom/tournament_football_backend/model/Team;" line="72"><counter type="INSTRUCTION" missed="0" covered="3"/><counter type="LINE" missed="0" covered="1"/><counter type="COMPLEXITY" missed="0" covered="1"/><counter type="METHOD" missed="0" covered="1"/></method><method name="setHomeTeam" desc="(Lcom/tournament_football_backend/model/Team;)V" line="73"><counter type="INSTRUCTION" missed="0" covered="4"/><counter type="LINE" missed="0" covered="1"/><counter type="COMPLEXITY" missed="0" covered="1"/><counter type="METHOD" missed="0" covered="1"/></method><method name="getAwayTeam" desc="()Lcom/tournament_football_backend/model/Team;" line="75"><counter type="INSTRUCTION" missed="0" covered="3"/><counter type="LINE" missed="0" covered="1"/><counter type="COMPLEXITY" missed="0" covered="1"/><counter type="METHOD" missed="0" covered="1"/></method><method name="setAwayTeam" desc="(Lcom/tournament_football_backend/model/Team;)V" line="76"><counter type="INSTRUCTION" missed="0" covered="4"/><counter type="LINE" missed="0" covered="1"/><counter type="COMPLEXITY" missed="0" covered="1"/><counter type="METHOD" missed="0" covered="1"/></method><method name="getTournament" desc="()Lcom/tournament_football_backend/model/Tournament;" line="78"><counter type="INSTRUCTION" missed="0" covered="3"/><counter type="LINE" missed="0" covered="1"/><counter type="COMPLEXITY" missed="0" covered="1"/><counter type="METHOD" missed="0" covered="1"/></method><method name="setTournament" desc="(Lcom/tournament_football_backend/model/Tournament;)V" line="79"><counter type="INSTRUCTION" missed="0" covered="4"/><counter type="LINE" missed="0" covered="1"/><counter type="COMPLEXITY" missed="0" covered="1"/><counter type="METHOD" missed="0" covered="1"/></method><method name="getMatchDate" desc="()Ljava/time/LocalDateTime;" line="81"><counter type="INSTRUCTION" missed="0" covered="3"/><counter type="LINE" missed="0" covered="1"/><counter type="COMPLEXITY" missed="0" covered="1"/><counter type="METHOD" missed="0" covered="1"/></method><method name="setMatchDate" desc="(Ljava/time/LocalDateTime;)V" line="82"><counter type="INSTRUCTION" missed="0" covered="4"/><counter type="LINE" missed="0" covered="1"/><counter type="COMPLEXITY" missed="0" covered="1"/><counter type="METHOD" missed="0" covered="1"/></method><method name="getHomeGoals" desc="()Ljava/lang/Integer;" line="84"><counter type="INSTRUCTION" missed="0" covered="3"/><counter type="LINE" missed="0" covered="1"/><counter type="COMPLEXITY" missed="0" covered="1"/><counter type="METHOD" missed="0" covered="1"/></method><method name="setHomeGoals" desc="(Ljava/lang/Integer;)V" line="85"><counter type="INSTRUCTION" missed="0" covered="4"/><counter type="LINE" missed="0" covered="1"/><counter type="COMPLEXITY" missed="0" covered="1"/><counter type="METHOD" missed="0" covered="1"/></method><method name="getAwayGoals" desc="()Ljava/lang/Integer;" line="87"><counter type="INSTRUCTION" missed="0" covered="3"/><counter type="LINE" missed="0" covered="1"/><counter type="COMPLEXITY" missed="0" covered="1"/><counter type="METHOD" missed="0" covered="1"/></method><method name="setAwayGoals" desc="(Ljava/lang/Integer;)V" line="88"><counter type="INSTRUCTION" missed="0" covered="4"/><counter type="LINE" missed="0" covered="1"/><counter type="COMPLEXITY" missed="0" covered="1"/><counter type="METHOD" missed="0" covered="1"/></method><method name="getStatus" desc="()Lcom/tournament_football_backend/model/MatchStatus;" line="90"><counter type="INSTRUCTION" missed="0" covered="3"/><counter type="LINE" missed="0" covered="1"/><counter type="COMPLEXITY" missed="0" covered="1"/><counter type="METHOD" missed="0" covered="1"/></method><method name="setStatus" desc="(Lcom/tournament_football_backend/model/MatchStatus;)V" line="91"><counter type="INSTRUCTION" missed="0" covered="4"/><counter type="LINE" missed="0" covered="1"/><counter type="COMPLEXITY" missed="0" covered="1"/><counter type="METHOD" missed="0" covered="1"/></method><method name="getCreatedAt" desc="()Ljava/time/LocalDateTime;" line="93"><counter type="INSTRUCTION" missed="0" covered="3"/><counter type="LINE" missed="0" covered="1"/><counter type="COMPLEXITY" missed="0" covered="1"/><counter type="METHOD" missed="0" covered="1"/></method><method name="setCreatedAt" desc="(Ljava/time/LocalDateTime;)V" line="94"><counter type="INSTRUCTION" missed="0" covered="4"/><counter type="LINE" missed="0" covered="1"/><counter type="COMPLEXITY" missed="0" covered="1"/><counter type="METHOD" missed="0" covered="1"/></method><counter type="INSTRUCTION" missed="26" covered="92"/><counter type="BRANCH" missed="6" covered="2"/><counter type="LINE" missed="4" covered="29"/><counter type="COMPLEXITY" missed="4" covered="21"/><counter type="METHOD" missed="1" covered="20"/><counter type="CLASS" missed="0" covered="1"/></class><class name="com/tournament_football_backend/model/TournamentStatus" sourcefilename="TournamentStatus.java"><method name="&lt;clinit&gt;" desc="()V" line="3"><counter type="INSTRUCTION" missed="0" covered="33"/><counter type="LINE" missed="0" covered="6"/><counter type="COMPLEXITY" missed="0" covered="1"/><counter type="METHOD" missed="0" covered="1"/></method><counter type="INSTRUCTION" missed="0" covered="33"/><counter type="LINE" missed="0" covered="6"/><counter type="COMPLEXITY" missed="0" covered="1"/><counter type="METHOD" missed="0" covered="1"/><counter type="CLASS" missed="0" covered="1"/></class><class name="com/tournament_football_backend/model/User" sourcefilename="User.java"><method name="&lt;init&gt;" desc="()V" line="37"><counter type="INSTRUCTION" missed="0" covered="14"/><counter type="LINE" missed="0" covered="5"/><counter type="COMPLEXITY" missed="0" covered="1"/><counter type="METHOD" missed="0" covered="1"/></method><method name="&lt;init&gt;" desc="(Ljava/lang/String;Ljava/lang/String;Ljava/lang/String;)V" line="56"><counter type="INSTRUCTION" missed="12" covered="0"/><counter type="LINE" missed="5" covered="0"/><counter type="COMPLEXITY" missed="1" covered="0"/><counter type="METHOD" missed="1" covered="0"/></method><method name="getId" desc="()Ljava/lang/Long;" line="63"><counter type="INSTRUCTION" missed="0" covered="3"/><counter type="LINE" missed="0" covered="1"/><counter type="COMPLEXITY" missed="0" covered="1"/><counter type="METHOD" missed="0" covered="1"/></method><method name="setId" desc="(Ljava/lang/Long;)V" line="64"><counter type="INSTRUCTION" missed="0" covered="4"/><counter type="LINE" missed="0" covered="1"/><counter type="COMPLEXITY" missed="0" covered="1"/><counter type="METHOD" missed="0" covered="1"/></method><method name="getUsername" desc="()Ljava/lang/String;" line="66"><counter type="INSTRUCTION" missed="0" covered="3"/><counter type="LINE" missed="0" covered="1"/><counter type="COMPLEXITY" missed="0" covered="1"/><counter type="METHOD" missed="0" covered="1"/></method><method name="setUsername" desc="(Ljava/lang/String;)V" line="67"><counter type="INSTRUCTION" missed="0" covered="4"/><counter type="LINE" missed="0" covered="1"/><counter type="COMPLEXITY" missed="0" covered="1"/><counter type="METHOD" missed="0" covered="1"/></method><method name="getEmail" desc="()Ljava/lang/String;" line="69"><counter type="INSTRUCTION" missed="0" covered="3"/><counter type="LINE" missed="0" covered="1"/><counter type="COMPLEXITY" missed="0" covered="1"/><counter type="METHOD" missed="0" covered="1"/></method><method name="setEmail" desc="(Ljava/lang/String;)V" line="70"><counter type="INSTRUCTION" missed="0" covered="4"/><counter type="LINE" missed="0" covered="1"/><counter type="COMPLEXITY" missed="0" covered="1"/><counter type="METHOD" missed="0" covered="1"/></method><method name="getPassword" desc="()Ljava/lang/String;" line="72"><counter type="INSTRUCTION" missed="0" covered="3"/><counter type="LINE" missed="0" covered="1"/><counter type="COMPLEXITY" missed="0" covered="1"/><counter type="METHOD" missed="0" covered="1"/></method><method name="setPassword" desc="(Ljava/lang/String;)V" line="73"><counter type="INSTRUCTION" missed="0" covered="4"/><counter type="LINE" missed="0" covered="1"/><counter type="COMPLEXITY" missed="0" covered="1"/><counter type="METHOD" missed="0" covered="1"/></method><method name="getRole" desc="()Lcom/tournament_football_backend/model/Role;" line="75"><counter type="INSTRUCTION" missed="0" covered="3"/><counter type="LINE" missed="0" covered="1"/><counter type="COMPLEXITY" missed="0" covered="1"/><counter type="METHOD" missed="0" covered="1"/></method><method name="setRole" desc="(Lcom/tournament_football_backend/model/Role;)V" line="76"><counter type="INSTRUCTION" missed="0" covered="4"/><counter type="LINE" missed="0" covered="1"/><counter type="COMPLEXITY" missed="0" covered="1"/><counter type="METHOD" missed="0" covered="1"/></method><method name="getCreatedAt" desc="()Ljava/time/LocalDateTime;" line="78"><counter type="INSTRUCTION" missed="0" covered="3"/><counter type="LINE" missed="0" covered="1"/><counter type="COMPLEXITY" missed="0" covered="1"/><counter type="METHOD" missed="0" covered="1"/></method><method name="setCreatedAt" desc="(Ljava/time/LocalDateTime;)V" line="79"><counter type="INSTRUCTION" missed="0" covered="4"/><counter type="LINE" missed="0" covered="1"/><counter type="COMPLEXITY" missed="0" covered="1"/><counter type="METHOD" missed="0" covered="1"/></method><method name="getProfile" desc="()Lcom/tournament_football_backend/model/Profile;" line="81"><counter type="INSTRUCTION" missed="0" covered="3"/><counter type="LINE" missed="0" covered="1"/><counter type="COMPLEXITY" missed="0" covered="1"/><counter type="METHOD" missed="0" covered="1"/></method><method name="setProfile" desc="(Lcom/tournament_football_backend/model/Profile;)V" line="82"><counter type="INSTRUCTION" missed="0" covered="4"/><counter type="LINE" missed="0" covered="1"/><counter type="COMPLEXITY" missed="0" covered="1"/><counter type="METHOD" missed="0" covered="1"/></method><method name="getTeams" desc="()Ljava/util/Set;" line="84"><counter type="INSTRUCTION" missed="0" covered="3"/><counter type="LINE" missed="0" covered="1"/><counter type="COMPLEXITY" missed="0" covered="1"/><counter type="METHOD" missed="0" covered="1"/></method><method name="setTeams" desc="(Ljava/util/Set;)V" line="85"><counter type="INSTRUCTION" missed="0" covered="4"/><counter type="LINE" missed="0" covered="1"/><counter type="COMPLEXITY" missed="0" covered="1"/><counter type="METHOD" missed="0" covered="1"/></method><counter type="INSTRUCTION" missed="12" covered="70"/><counter type="LINE" missed="5" covered="21"/><counter type="COMPLEXITY" missed="1" covered="17"/><counter type="METHOD" missed="1" covered="17"/><counter type="CLASS" missed="0" covered="1"/></class><sourcefile name="User.java"><line nr="37" mi="0" ci="3" mb="0" cb="0"/><line nr="47" mi="0" ci="5" mb="0" cb="0"/><line nr="51" mi="0" ci="2" mb="0" cb="0"/><line nr="52" mi="0" ci="3" mb="0" cb="0"/><line nr="53" mi="0" ci="1" mb="0" cb="0"/><line nr="56" mi="2" ci="0" mb="0" cb="0"/><line nr="57" mi="3" ci="0" mb="0" cb="0"/><line nr="58" mi="3" ci="0" mb="0" cb="0"/><line nr="59" mi="3" ci="0" mb="0" cb="0"/><line nr="60" mi="1" ci="0" mb="0" cb="0"/><line nr="63" mi="0" ci="3" mb="0" cb="0"/><line nr="64" mi="0" ci="4" mb="0" cb="0"/><line nr="66" mi="0" ci="3" mb="0" cb="0"/><line nr="67" mi="0" ci="4" mb="0" cb="0"/><line nr="69" mi="0" ci="3" mb="0" cb="0"/><line nr="70" mi="0" ci="4" mb="0" cb="0"/><line nr="72" mi="0" ci="3" mb="0" cb="0"/><line nr="73" mi="0" ci="4" mb="0" cb="0"/><line nr="75" mi="0" ci="3" mb="0" cb="0"/><line nr="76" mi="0" ci="4" mb="0" cb="0"/><line nr="78" mi="0" ci="3" mb="0" cb="0"/><line nr="79" mi="0" ci="4" mb="0" cb="0"/><line nr="81" mi="0" ci="3" mb="0" cb="0"/><line nr="82" mi="0" ci="4" mb="0" cb="0"/><line nr="84" mi="0" ci="3" mb="0" cb="0"/><line nr="85" mi="0" ci="4" mb="0" cb="0"/><counter type="INSTRUCTION" missed="12" covered="70"/><counter type="LINE" missed="5" covered="21"/><counter type="COMPLEXITY" missed="1" covered="17"/><counter type="METHOD" missed="1" covered="17"/><counter type="CLASS" missed="0" covered="1"/></sourcefile><sourcefile name="Role.java"><line nr="3" mi="0" ci="3" mb="0" cb="0"/><line nr="4" mi="0" ci="6" mb="0" cb="0"/><line nr="5" mi="0" ci="6" mb="0" cb="0"/><counter type="INSTRUCTION" missed="0" covered="15"/><counter type="LINE" missed="0" covered="3"/><counter type="COMPLEXITY" missed="0" covered="1"/><counter type="METHOD" missed="0" covered="1"/><counter type="CLASS" missed="0" covered="1"/></sourcefile><sourcefile name="Team.java"><line nr="28" mi="0" ci="5" mb="0" cb="0"/><line nr="36" mi="0" ci="5" mb="0" cb="0"/><line nr="40" mi="0" ci="2" mb="0" cb="0"/><line nr="41" mi="0" ci="3" mb="0" cb="0"/><line nr="42" mi="0" ci="1" mb="0" cb="0"/><line nr="45" mi="0" ci="5" mb="0" cb="0"/><line nr="46" mi="0" ci="5" mb="0" cb="0"/><line nr="47" mi="0" ci="1" mb="0" cb="0"/><line nr="50" mi="0" ci="5" mb="0" cb="0"/><line nr="51" mi="0" ci="5" mb="0" cb="0"/><line nr="52" mi="0" ci="1" mb="0" cb="0"/><line nr="55" mi="0" ci="3" mb="0" cb="0"/><line nr="56" mi="0" ci="4" mb="0" cb="0"/><line nr="58" mi="0" ci="3" mb="0" cb="0"/><line nr="59" mi="0" ci="4" mb="0" cb="0"/><line nr="61" mi="0" ci="3" mb="0" cb="0"/><line nr="62" mi="0" ci="4" mb="0" cb="0"/><line nr="64" mi="0" ci="3" mb="0" cb="0"/><line nr="65" mi="0" ci="4" mb="0" cb="0"/><line nr="67" mi="0" ci="3" mb="0" cb="0"/><line nr="68" mi="4" ci="0" mb="0" cb="0"/><line nr="72" mi="7" ci="0" mb="0" cb="0"/><line nr="75" mi="2" ci="0" mb="0" cb="0"/><counter type="INSTRUCTION" missed="13" covered="69"/><counter type="LINE" missed="3" covered="20"/><counter type="COMPLEXITY" missed="2" covered="12"/><counter type="METHOD" missed="2" covered="12"/><counter type="CLASS" missed="0" covered="1"/></sourcefile><sourcefile name="Match.java"><line nr="34" mi="0" ci="2" mb="0" cb="0"/><line nr="36" mi="0" ci="2" mb="0" cb="0"/><line nr="38" mi="0" ci="2" mb="0" cb="0"/><line nr="40" mi="0" ci="2" mb="0" cb="0"/><line nr="42" mi="0" ci="3" mb="0" cb="0"/><line nr="49" mi="0" ci="2" mb="0" cb="0"/><line nr="50" mi="0" ci="3" mb="0" cb="0"/><line nr="51" mi="0" ci="1" mb="0" cb="0"/><line nr="54" mi="0" ci="4" mb="0" cb="2"/><line nr="55" mi="0" ci="6" mb="0" cb="0"/><line nr="57" mi="0" ci="2" mb="0" cb="0"/><line nr="61" mi="4" ci="0" mb="2" cb="0"/><line nr="62" mi="10" ci="0" mb="2" cb="0"/><line nr="63" mi="10" ci="0" mb="2" cb="0"/><line nr="65" mi="2" ci="0" mb="0" cb="0"/><line nr="69" mi="0" ci="3" mb="0" cb="0"/><line nr="70" mi="0" ci="4" mb="0" cb="0"/><line nr="72" mi="0" ci="3" mb="0" cb="0"/><line nr="73" mi="0" ci="4" mb="0" cb="0"/><line nr="75" mi="0" ci="3" mb="0" cb="0"/><line nr="76" mi="0" ci="4" mb="0" cb="0"/><line nr="78" mi="0" ci="3" mb="0" cb="0"/><line nr="79" mi="0" ci="4" mb="0" cb="0"/><line nr="81" mi="0" ci="3" mb="0" cb="0"/><line nr="82" mi="0" ci="4" mb="0" cb="0"/><line nr="84" mi="0" ci="3" mb="0" cb="0"/><line nr="85" mi="0" ci="4" mb="0" cb="0"/><line nr="87" mi="0" ci="3" mb="0" cb="0"/><line nr="88" mi="0" ci="4" mb="0" cb="0"/><line nr="90" mi="0" ci="3" mb="0" cb="0"/><line nr="91" mi="0" ci="4" mb="0" cb="0"/><line nr="93" mi="0" ci="3" mb="0" cb="0"/><line nr="94" mi="0" ci="4" mb="0" cb="0"/><counter type="INSTRUCTION" missed="26" covered="92"/><counter type="BRANCH" missed="6" covered="2"/><counter type="LINE" missed="4" covered="29"/><counter type="COMPLEXITY" missed="4" covered="21"/><counter type="METHOD" missed="1" covered="20"/><counter type="CLASS" missed="0" covered="1"/></sourcefile><sourcefile name="MatchStatus.java"><line nr="3" mi="0" ci="3" mb="0" cb="0"/><line nr="4" mi="0" ci="6" mb="0" cb="0"/><line nr="5" mi="0" ci="6" mb="0" cb="0"/><line nr="6" mi="0" ci="6" mb="0" cb="0"/><line nr="7" mi="0" ci="6" mb="0" cb="0"/><line nr="8" mi="0" ci="6" mb="0" cb="0"/><line nr="9" mi="0" ci="6" mb="0" cb="0"/><counter type="INSTRUCTION" missed="0" covered="39"/><counter type="LINE" missed="0" covered="7"/><counter type="COMPLEXITY" missed="0" covered="1"/><counter type="METHOD" missed="0" covered="1"/><counter type="CLASS" missed="0" covered="1"/></sourcefile><sourcefile name="Profile.java"><line nr="38" mi="0" ci="3" mb="0" cb="0"/><line nr="40" mi="0" ci="3" mb="0" cb="0"/><line nr="41" mi="0" ci="4" mb="0" cb="0"/><line nr="43" mi="0" ci="3" mb="0" cb="0"/><line nr="44" mi="0" ci="4" mb="0" cb="0"/><line nr="46" mi="0" ci="3" mb="0" cb="0"/><line nr="47" mi="0" ci="4" mb="0" cb="0"/><line nr="49" mi="0" ci="3" mb="0" cb="0"/><line nr="50" mi="0" ci="4" mb="0" cb="0"/><line nr="52" mi="0" ci="3" mb="0" cb="0"/><line nr="53" mi="0" ci="4" mb="0" cb="0"/><line nr="55" mi="0" ci="3" mb="0" cb="0"/><line nr="56" mi="0" ci="4" mb="0" cb="0"/><line nr="58" mi="0" ci="3" mb="0" cb="0"/><line nr="59" mi="0" ci="4" mb="0" cb="0"/><line nr="61" mi="3" ci="0" mb="0" cb="0"/><line nr="62" mi="0" ci="4" mb="0" cb="0"/><counter type="INSTRUCTION" missed="3" covered="56"/><counter type="LINE" missed="1" covered="16"/><counter type="COMPLEXITY" missed="1" covered="16"/><counter type="METHOD" missed="1" covered="16"/><counter type="CLASS" missed="0" covered="1"/></sourcefile><sourcefile name="Tournament.java"><line nr="38" mi="0" ci="2" mb="0" cb="0"/><line nr="39" mi="0" ci="2" mb="0" cb="0"/><line nr="41" mi="0" ci="3" mb="0" cb="0"/><line nr="48" mi="0" ci="5" mb="0" cb="0"/><line nr="56" mi="0" ci="5" mb="0" cb="0"/><line nr="60" mi="0" ci="2" mb="0" cb="0"/><line nr="61" mi="0" ci="3" mb="0" cb="0"/><line nr="62" mi="0" ci="1" mb="0" cb="0"/><line nr="65" mi="0" ci="7" mb="1" cb="1"/><line nr="66" mi="0" ci="5" mb="0" cb="0"/><line nr="67" mi="0" ci="5" mb="0" cb="0"/><line nr="69" mi="0" ci="1" mb="0" cb="0"/><line nr="72" mi="0" ci="5" mb="0" cb="0"/><line nr="73" mi="0" ci="5" mb="0" cb="0"/><line nr="74" mi="0" ci="1" mb="0" cb="0"/><line nr="77" mi="0" ci="11" mb="0" cb="2"/><line nr="81" mi="0" ci="3" mb="0" cb="0"/><line nr="82" mi="0" ci="4" mb="0" cb="0"/><line nr="84" mi="0" ci="3" mb="0" cb="0"/><line nr="85" mi="0" ci="4" mb="0" cb="0"/><line nr="87" mi="0" ci="3" mb="0" cb="0"/><line nr="88" mi="0" ci="4" mb="0" cb="0"/><line nr="90" mi="0" ci="3" mb="0" cb="0"/><line nr="91" mi="0" ci="4" mb="0" cb="0"/><line nr="93" mi="0" ci="3" mb="0" cb="0"/><line nr="94" mi="0" ci="4" mb="0" cb="0"/><line nr="96" mi="0" ci="3" mb="0" cb="0"/><line nr="97" mi="0" ci="4" mb="0" cb="0"/><line nr="99" mi="0" ci="3" mb="0" cb="0"/><line nr="100" mi="0" ci="4" mb="0" cb="0"/><line nr="102" mi="0" ci="3" mb="0" cb="0"/><line nr="103" mi="0" ci="4" mb="0" cb="0"/><line nr="105" mi="0" ci="3" mb="0" cb="0"/><line nr="106" mi="0" ci="4" mb="0" cb="0"/><line nr="108" mi="3" ci="0" mb="0" cb="0"/><line nr="109" mi="4" ci="0" mb="0" cb="0"/><counter type="INSTRUCTION" missed="7" covered="126"/><counter type="BRANCH" missed="1" covered="3"/><counter type="LINE" missed="2" covered="34"/><counter type="COMPLEXITY" missed="3" covered="23"/><counter type="METHOD" missed="2" covered="22"/><counter type="CLASS" missed="0" covered="1"/></sourcefile><sourcefile name="TournamentStatus.java"><line nr="3" mi="0" ci="3" mb="0" cb="0"/><line nr="4" mi="0" ci="6" mb="0" cb="0"/><line nr="5" mi="0" ci="6" mb="0" cb="0"/><line nr="6" mi="0" ci="6" mb="0" cb="0"/><line nr="7" mi="0" ci="6" mb="0" cb="0"/><line nr="8" mi="0" ci="6" mb="0" cb="0"/><counter type="INSTRUCTION" missed="0" covered="33"/><counter type="LINE" missed="0" covered="6"/><counter type="COMPLEXITY" missed="0" covered="1"/><counter type="METHOD" missed="0" covered="1"/><counter type="CLASS" missed="0" covered="1"/></sourcefile><counter type="INSTRUCTION" missed="61" covered="500"/><counter type="BRANCH" missed="7" covered="5"/><counter type="LINE" missed="15" covered="136"/><counter type="COMPLEXITY" missed="11" covered="92"/><counter type="METHOD" missed="7" covered="90"/><counter type="CLASS" missed="0" covered="8"/></package><package name="com/tournament_football_backend"><class name="com/tournament_football_backend/TournamentFootballBackendApplication" sourcefilename="TournamentFootballBackendApplication.java"><method name="&lt;init&gt;" desc="()V" line="10"><counter type="INSTRUCTION" missed="0" covered="3"/><counter type="LINE" missed="0" covered="1"/><counter type="COMPLEXITY" missed="0" covered="1"/><counter type="METHOD" missed="0" covered="1"/></method><method name="main" desc="([Ljava/lang/String;)V" line="13"><counter type="INSTRUCTION" missed="5" covered="0"/><counter type="LINE" missed="2" covered="0"/><counter type="COMPLEXITY" missed="1" covered="0"/><counter type="METHOD" missed="1" covered="0"/></method><method name="home" desc="()Ljava/lang/String;" line="17"><counter type="INSTRUCTION" missed="2" covered="0"/><counter type="LINE" missed="1" covered="0"/><counter type="COMPLEXITY" missed="1" covered="0"/><counter type="METHOD" missed="1" covered="0"/></method><counter type="INSTRUCTION" missed="7" covered="3"/><counter type="LINE" missed="3" covered="1"/><counter type="COMPLEXITY" missed="2" covered="1"/><counter type="METHOD" missed="2" covered="1"/><counter type="CLASS" missed="0" covered="1"/></class><sourcefile name="TournamentFootballBackendApplication.java"><line nr="10" mi="0" ci="3" mb="0" cb="0"/><line nr="13" mi="4" ci="0" mb="0" cb="0"/><line nr="14" mi="1" ci="0" mb="0" cb="0"/><line nr="17" mi="2" ci="0" mb="0" cb="0"/><counter type="INSTRUCTION" missed="7" covered="3"/><counter type="LINE" missed="3" covered="1"/><counter type="COMPLEXITY" missed="2" covered="1"/><counter type="METHOD" missed="2" covered="1"/><counter type="CLASS" missed="0" covered="1"/></sourcefile><counter type="INSTRUCTION" missed="7" covered="3"/><counter type="LINE" missed="3" covered="1"/><counter type="COMPLEXITY" missed="2" covered="1"/><counter type="METHOD" missed="2" covered="1"/><counter type="CLASS" missed="0" covered="1"/></package><package name="com/tournament_football_backend/service"><class name="com/tournament_football_backend/service/TournamentService" sourcefilename="TournamentService.java"><method name="&lt;init&gt;" desc="()V" line="28"><counter type="INSTRUCTION" missed="0" covered="3"/><counter type="LINE" missed="0" covered="1"/><counter type="COMPLEXITY" missed="0" covered="1"/><counter type="METHOD" missed="0" covered="1"/></method><method name="getAllTournaments" desc="()Ljava/util/List;" line="37"><counter type="INSTRUCTION" missed="0" covered="11"/><counter type="LINE" missed="0" covered="3"/><counter type="COMPLEXITY" missed="0" covered="1"/><counter type="METHOD" missed="0" covered="1"/></method><method name="getTournamentById" desc="(Ljava/lang/Long;)Ljava/util/Optional;" line="43"><counter type="INSTRUCTION" missed="0" covered="8"/><counter type="LINE" missed="0" covered="2"/><counter type="COMPLEXITY" missed="0" covered="1"/><counter type="METHOD" missed="0" covered="1"/></method><method name="createTournament" desc="(Lcom/tournament_football_backend/dto/CreateTournamentDTO;)Lcom/tournament_football_backend/dto/TournamentDTO;" line="48"><counter type="INSTRUCTION" missed="0" covered="53"/><counter type="BRANCH" missed="0" covered="4"/><counter type="LINE" missed="0" covered="11"/><counter type="COMPLEXITY" missed="0" covered="3"/><counter type="METHOD" missed="0" covered="1"/></method><method name="updateTournament" desc="(Ljava/lang/Long;Lcom/tournament_football_backend/dto/UpdateTournamentDTO;)Ljava/util/Optional;" line="65"><counter type="INSTRUCTION" missed="0" covered="9"/><counter type="LINE" missed="0" covered="2"/><counter type="COMPLEXITY" missed="0" covered="1"/><counter type="METHOD" missed="0" covered="1"/></method><method name="deleteTournament" desc="(Ljava/lang/Long;)Z" line="91"><counter type="INSTRUCTION" missed="0" covered="15"/><counter type="BRANCH" missed="0" covered="2"/><counter type="LINE" missed="0" covered="4"/><counter type="COMPLEXITY" missed="0" covered="2"/><counter type="METHOD" missed="0" covered="1"/></method><method name="registerTeam" desc="(Ljava/lang/Long;Ljava/lang/Long;)Z" line="100"><counter type="INSTRUCTION" missed="0" covered="50"/><counter type="BRANCH" missed="0" covered="6"/><counter type="LINE" missed="0" covered="13"/><counter type="COMPLEXITY" missed="0" covered="4"/><counter type="METHOD" missed="0" covered="1"/></method><method name="removeTeam" desc="(Ljava/lang/Long;Ljava/lang/Long;)Z" line="124"><counter type="INSTRUCTION" missed="0" covered="35"/><counter type="BRANCH" missed="0" covered="2"/><counter type="LINE" missed="0" covered="9"/><counter type="COMPLEXITY" missed="0" covered="2"/><counter type="METHOD" missed="0" covered="1"/></method><method name="getTournamentsByStatus" desc="(Lcom/tournament_football_backend/model/TournamentStatus;)Ljava/util/List;" line="140"><counter type="INSTRUCTION" missed="0" covered="12"/><counter type="LINE" missed="0" covered="3"/><counter type="COMPLEXITY" missed="0" covered="1"/><counter type="METHOD" missed="0" covered="1"/></method><method name="getUpcomingTournaments" desc="()Ljava/util/List;" line="146"><counter type="INSTRUCTION" missed="0" covered="12"/><counter type="LINE" missed="0" covered="3"/><counter type="COMPLEXITY" missed="0" covered="1"/><counter type="METHOD" missed="0" covered="1"/></method><method name="getTournamentsByTeam" desc="(Ljava/lang/Long;)Ljava/util/List;" line="153"><counter type="INSTRUCTION" missed="0" covered="21"/><counter type="BRANCH" missed="0" covered="2"/><counter type="LINE" missed="0" covered="5"/><counter type="COMPLEXITY" missed="0" covered="2"/><counter type="METHOD" missed="0" covered="1"/></method><method name="searchTournaments" desc="(Ljava/lang/String;)Ljava/util/List;" line="163"><counter type="INSTRUCTION" missed="0" covered="22"/><counter type="BRANCH" missed="0" covered="4"/><counter type="LINE" missed="0" covered="5"/><counter type="COMPLEXITY" missed="0" covered="3"/><counter type="METHOD" missed="0" covered="1"/></method><method name="convertToDTO" desc="(Lcom/tournament_football_backend/model/Tournament;)Lcom/tournament_football_backend/dto/TournamentDTO;" line="173"><counter type="INSTRUCTION" missed="13" covered="50"/><counter type="BRANCH" missed="2" covered="2"/><counter type="LINE" missed="4" covered="12"/><counter type="COMPLEXITY" missed="2" covered="1"/><counter type="METHOD" missed="0" covered="1"/></method><method name="convertTeamToDTO" desc="(Lcom/tournament_football_backend/model/Team;)Lcom/tournament_football_backend/dto/TeamDTO;" line="195"><counter type="INSTRUCTION" missed="19" covered="0"/><counter type="LINE" missed="5" covered="0"/><counter type="COMPLEXITY" missed="1" covered="0"/><counter type="METHOD" missed="1" covered="0"/></method><method name="lambda$updateTournament$0" desc="(Lcom/tournament_football_backend/dto/UpdateTournamentDTO;Lcom/tournament_football_backend/model/Tournament;)Lcom/tournament_football_backend/dto/TournamentDTO;" line="67"><counter type="INSTRUCTION" missed="8" covered="58"/><counter type="BRANCH" missed="5" covered="13"/><counter type="LINE" missed="2" covered="14"/><counter type="COMPLEXITY" missed="5" covered="5"/><counter type="METHOD" missed="0" covered="1"/></method><counter type="INSTRUCTION" missed="40" covered="359"/><counter type="BRANCH" missed="7" covered="35"/><counter type="LINE" missed="11" covered="87"/><counter type="COMPLEXITY" missed="8" covered="28"/><counter type="METHOD" missed="1" covered="14"/><counter type="CLASS" missed="0" covered="1"/></class><class name="com/tournament_football_backend/service/UserDetailsServiceImpl" sourcefilename="UserDetailsServiceImpl.java"><method name="&lt;init&gt;" desc="()V" line="17"><counter type="INSTRUCTION" missed="0" covered="3"/><counter type="LINE" missed="0" covered="1"/><counter type="COMPLEXITY" missed="0" covered="1"/><counter type="METHOD" missed="0" covered="1"/></method><method name="loadUserByUsername" desc="(Ljava/lang/String;)Lorg/springframework/security/core/userdetails/UserDetails;" line="25"><counter type="INSTRUCTION" missed="0" covered="12"/><counter type="LINE" missed="0" covered="3"/><counter type="COMPLEXITY" missed="0" covered="1"/><counter type="METHOD" missed="0" covered="1"/></method><method name="lambda$loadUserByUsername$0" desc="(Ljava/lang/String;)Lorg/springframework/security/core/userdetails/UsernameNotFoundException;" line="26"><counter type="INSTRUCTION" missed="0" covered="6"/><counter type="LINE" missed="0" covered="1"/><counter type="COMPLEXITY" missed="0" covered="1"/><counter type="METHOD" missed="0" covered="1"/></method><counter type="INSTRUCTION" missed="0" covered="21"/><counter type="LINE" missed="0" covered="4"/><counter type="COMPLEXITY" missed="0" covered="3"/><counter type="METHOD" missed="0" covered="3"/><counter type="CLASS" missed="0" covered="1"/></class><class name="com/tournament_football_backend/service/UserService" sourcefilename="UserService.java"><method name="&lt;init&gt;" desc="()V" line="24"><counter type="INSTRUCTION" missed="0" covered="3"/><counter type="LINE" missed="0" covered="1"/><counter type="COMPLEXITY" missed="0" covered="1"/><counter type="METHOD" missed="0" covered="1"/></method><method name="getAllUsers" desc="()Ljava/util/List;" line="33"><counter type="INSTRUCTION" missed="0" covered="11"/><counter type="LINE" missed="0" covered="3"/><counter type="COMPLEXITY" missed="0" covered="1"/><counter type="METHOD" missed="0" covered="1"/></method><method name="getUserById" desc="(Ljava/lang/Long;)Ljava/util/Optional;" line="39"><counter type="INSTRUCTION" missed="0" covered="8"/><counter type="LINE" missed="0" covered="2"/><counter type="COMPLEXITY" missed="0" covered="1"/><counter type="METHOD" missed="0" covered="1"/></method><method name="getUserByUsername" desc="(Ljava/lang/String;)Ljava/util/Optional;" line="44"><counter type="INSTRUCTION" missed="0" covered="8"/><counter type="LINE" missed="0" covered="2"/><counter type="COMPLEXITY" missed="0" covered="1"/><counter type="METHOD" missed="0" covered="1"/></method><method name="createUser" desc="(Lcom/tournament_football_backend/dto/UserDTO;Ljava/lang/String;)Lcom/tournament_football_backend/dto/UserDTO;" line="49"><counter type="INSTRUCTION" missed="0" covered="57"/><counter type="BRANCH" missed="0" covered="6"/><counter type="LINE" missed="0" covered="11"/><counter type="COMPLEXITY" missed="0" covered="4"/><counter type="METHOD" missed="0" covered="1"/></method><method name="updateUser" desc="(Ljava/lang/Long;Lcom/tournament_football_backend/dto/UpdateUserDTO;)Ljava/util/Optional;" line="67"><counter type="INSTRUCTION" missed="0" covered="9"/><counter type="LINE" missed="0" covered="2"/><counter type="COMPLEXITY" missed="0" covered="1"/><counter type="METHOD" missed="0" covered="1"/></method><method name="deleteUser" desc="(Ljava/lang/Long;)Z" line="89"><counter type="INSTRUCTION" missed="0" covered="15"/><counter type="BRANCH" missed="0" covered="2"/><counter type="LINE" missed="0" covered="4"/><counter type="COMPLEXITY" missed="0" covered="2"/><counter type="METHOD" missed="0" covered="1"/></method><method name="updateProfile" desc="(Ljava/lang/Long;Lcom/tournament_football_backend/dto/ProfileDTO;)Ljava/util/Optional;" line="98"><counter type="INSTRUCTION" missed="0" covered="9"/><counter type="LINE" missed="0" covered="2"/><counter type="COMPLEXITY" missed="0" covered="1"/><counter type="METHOD" missed="0" covered="1"/></method><method name="searchUsers" desc="(Ljava/lang/String;)Ljava/util/List;" line="119"><counter type="INSTRUCTION" missed="0" covered="22"/><counter type="BRANCH" missed="0" covered="4"/><counter type="LINE" missed="0" covered="5"/><counter type="COMPLEXITY" missed="0" covered="3"/><counter type="METHOD" missed="0" covered="1"/></method><method name="existsByUsername" desc="(Ljava/lang/String;)Z" line="129"><counter type="INSTRUCTION" missed="0" covered="5"/><counter type="LINE" missed="0" covered="1"/><counter type="COMPLEXITY" missed="0" covered="1"/><counter type="METHOD" missed="0" covered="1"/></method><method name="existsByEmail" desc="(Ljava/lang/String;)Z" line="133"><counter type="INSTRUCTION" missed="0" covered="5"/><counter type="LINE" missed="0" covered="1"/><counter type="COMPLEXITY" missed="0" covered="1"/><counter type="METHOD" missed="0" covered="1"/></method><method name="convertToDTO" desc="(Lcom/tournament_football_backend/model/User;)Lcom/tournament_football_backend/dto/UserDTO;" line="137"><counter type="INSTRUCTION" missed="0" covered="71"/><counter type="BRANCH" missed="0" covered="2"/><counter type="LINE" missed="0" covered="17"/><counter type="COMPLEXITY" missed="0" covered="2"/><counter type="METHOD" missed="0" covered="1"/></method><method name="lambda$updateProfile$1" desc="(Lcom/tournament_football_backend/dto/ProfileDTO;Lcom/tournament_football_backend/model/User;)Lcom/tournament_football_backend/dto/UserDTO;" line="100"><counter type="INSTRUCTION" missed="0" covered="65"/><counter type="BRANCH" missed="1" covered="13"/><counter type="LINE" missed="0" covered="12"/><counter type="COMPLEXITY" missed="1" covered="7"/><counter type="METHOD" missed="0" covered="1"/></method><method name="lambda$updateUser$0" desc="(Lcom/tournament_football_backend/dto/UpdateUserDTO;Lcom/tournament_football_backend/model/User;)Lcom/tournament_football_backend/dto/UserDTO;" line="69"><counter type="INSTRUCTION" missed="0" covered="61"/><counter type="BRANCH" missed="1" covered="13"/><counter type="LINE" missed="0" covered="11"/><counter type="COMPLEXITY" missed="1" covered="7"/><counter type="METHOD" missed="0" covered="1"/></method><counter type="INSTRUCTION" missed="0" covered="349"/><counter type="BRANCH" missed="2" covered="40"/><counter type="LINE" missed="0" covered="74"/><counter type="COMPLEXITY" missed="2" covered="33"/><counter type="METHOD" missed="0" covered="14"/><counter type="CLASS" missed="0" covered="1"/></class><class name="com/tournament_football_backend/service/UserDetailsServiceImpl$UserPrincipal" sourcefilename="UserDetailsServiceImpl.java"><method name="&lt;init&gt;" desc="(Ljava/lang/Long;Ljava/lang/String;Ljava/lang/String;Ljava/lang/String;Ljava/util/List;)V" line="41"><counter type="INSTRUCTION" missed="0" covered="18"/><counter type="LINE" missed="0" covered="7"/><counter type="COMPLEXITY" missed="0" covered="1"/><counter type="METHOD" missed="0" covered="1"/></method><method name="build" desc="(Lcom/tournament_football_backend/model/User;)Lcom/tournament_football_backend/service/UserDetailsServiceImpl$UserPrincipal;" line="50"><counter type="INSTRUCTION" missed="0" covered="21"/><counter type="LINE" missed="0" covered="6"/><counter type="COMPLEXITY" missed="0" covered="1"/><counter type="METHOD" missed="0" covered="1"/></method><method name="getAuthorities" desc="()Ljava/util/List;" line="62"><counter type="INSTRUCTION" missed="0" covered="3"/><counter type="LINE" missed="0" covered="1"/><counter type="COMPLEXITY" missed="0" covered="1"/><counter type="METHOD" missed="0" covered="1"/></method><method name="getId" desc="()Ljava/lang/Long;" line="66"><counter type="INSTRUCTION" missed="0" covered="3"/><counter type="LINE" missed="0" covered="1"/><counter type="COMPLEXITY" missed="0" covered="1"/><counter type="METHOD" missed="0" covered="1"/></method><method name="getEmail" desc="()Ljava/lang/String;" line="70"><counter type="INSTRUCTION" missed="0" covered="3"/><counter type="LINE" missed="0" covered="1"/><counter type="COMPLEXITY" missed="0" covered="1"/><counter type="METHOD" missed="0" covered="1"/></method><method name="getPassword" desc="()Ljava/lang/String;" line="75"><counter type="INSTRUCTION" missed="0" covered="3"/><counter type="LINE" missed="0" covered="1"/><counter type="COMPLEXITY" missed="0" covered="1"/><counter type="METHOD" missed="0" covered="1"/></method><method name="getUsername" desc="()Ljava/lang/String;" line="80"><counter type="INSTRUCTION" missed="0" covered="3"/><counter type="LINE" missed="0" covered="1"/><counter type="COMPLEXITY" missed="0" covered="1"/><counter type="METHOD" missed="0" covered="1"/></method><method name="isAccountNonExpired" desc="()Z" line="85"><counter type="INSTRUCTION" missed="0" covered="2"/><counter type="LINE" missed="0" covered="1"/><counter type="COMPLEXITY" missed="0" covered="1"/><counter type="METHOD" missed="0" covered="1"/></method><method name="isAccountNonLocked" desc="()Z" line="90"><counter type="INSTRUCTION" missed="0" covered="2"/><counter type="LINE" missed="0" covered="1"/><counter type="COMPLEXITY" missed="0" covered="1"/><counter type="METHOD" missed="0" covered="1"/></method><method name="isCredentialsNonExpired" desc="()Z" line="95"><counter type="INSTRUCTION" missed="0" covered="2"/><counter type="LINE" missed="0" covered="1"/><counter type="COMPLEXITY" missed="0" covered="1"/><counter type="METHOD" missed="0" covered="1"/></method><method name="isEnabled" desc="()Z" line="100"><counter type="INSTRUCTION" missed="0" covered="2"/><counter type="LINE" missed="0" covered="1"/><counter type="COMPLEXITY" missed="0" covered="1"/><counter type="METHOD" missed="0" covered="1"/></method><counter type="INSTRUCTION" missed="0" covered="62"/><counter type="LINE" missed="0" covered="22"/><counter type="COMPLEXITY" missed="0" covered="11"/><counter type="METHOD" missed="0" covered="11"/><counter type="CLASS" missed="0" covered="1"/></class><class name="com/tournament_football_backend/service/MatchService" sourcefilename="MatchService.java"><method name="&lt;init&gt;" desc="()V" line="29"><counter type="INSTRUCTION" missed="0" covered="3"/><counter type="LINE" missed="0" covered="1"/><counter type="COMPLEXITY" missed="0" covered="1"/><counter type="METHOD" missed="0" covered="1"/></method><method name="getAllMatches" desc="()Ljava/util/List;" line="41"><counter type="INSTRUCTION" missed="0" covered="11"/><counter type="LINE" missed="0" covered="3"/><counter type="COMPLEXITY" missed="0" covered="1"/><counter type="METHOD" missed="0" covered="1"/></method><method name="getMatchById" desc="(Ljava/lang/Long;)Ljava/util/Optional;" line="47"><counter type="INSTRUCTION" missed="0" covered="8"/><counter type="LINE" missed="0" covered="2"/><counter type="COMPLEXITY" missed="0" covered="1"/><counter type="METHOD" missed="0" covered="1"/></method><method name="createMatch" desc="(Lcom/tournament_football_backend/dto/CreateMatchDTO;)Lcom/tournament_football_backend/dto/MatchDTO;" line="53"><counter type="INSTRUCTION" missed="1" covered="112"/><counter type="BRANCH" missed="4" covered="12"/><counter type="LINE" missed="0" covered="24"/><counter type="COMPLEXITY" missed="4" covered="5"/><counter type="METHOD" missed="0" covered="1"/></method><method name="updateMatch" desc="(Ljava/lang/Long;Lcom/tournament_football_backend/dto/UpdateMatchDTO;)Ljava/util/Optional;" line="92"><counter type="INSTRUCTION" missed="0" covered="9"/><counter type="LINE" missed="0" covered="2"/><counter type="COMPLEXITY" missed="0" covered="1"/><counter type="METHOD" missed="0" covered="1"/></method><method name="updateResult" desc="(Ljava/lang/Long;Ljava/lang/Integer;Ljava/lang/Integer;)Ljava/util/Optional;" line="115"><counter type="INSTRUCTION" missed="0" covered="20"/><counter type="BRANCH" missed="0" covered="4"/><counter type="LINE" missed="0" covered="4"/><counter type="COMPLEXITY" missed="0" covered="3"/><counter type="METHOD" missed="0" covered="1"/></method><method name="deleteMatch" desc="(Ljava/lang/Long;)Z" line="130"><counter type="INSTRUCTION" missed="0" covered="15"/><counter type="BRANCH" missed="0" covered="2"/><counter type="LINE" missed="0" covered="4"/><counter type="COMPLEXITY" missed="0" covered="2"/><counter type="METHOD" missed="0" covered="1"/></method><method name="getMatchesByTournament" desc="(Ljava/lang/Long;)Ljava/util/List;" line="140"><counter type="INSTRUCTION" missed="0" covered="21"/><counter type="BRANCH" missed="0" covered="2"/><counter type="LINE" missed="0" covered="5"/><counter type="COMPLEXITY" missed="0" covered="2"/><counter type="METHOD" missed="0" covered="1"/></method><method name="getMatchesByTeam" desc="(Ljava/lang/Long;)Ljava/util/List;" line="151"><counter type="INSTRUCTION" missed="0" covered="21"/><counter type="BRANCH" missed="0" covered="2"/><counter type="LINE" missed="0" covered="5"/><counter type="COMPLEXITY" missed="0" covered="2"/><counter type="METHOD" missed="0" covered="1"/></method><method name="getMatchesByStatus" desc="(Lcom/tournament_football_backend/model/MatchStatus;)Ljava/util/List;" line="161"><counter type="INSTRUCTION" missed="0" covered="12"/><counter type="LINE" missed="0" covered="3"/><counter type="COMPLEXITY" missed="0" covered="1"/><counter type="METHOD" missed="0" covered="1"/></method><method name="getMatchesByPeriod" desc="(Ljava/time/LocalDateTime;Ljava/time/LocalDateTime;)Ljava/util/List;" line="167"><counter type="INSTRUCTION" missed="0" covered="22"/><counter type="BRANCH" missed="0" covered="2"/><counter type="LINE" missed="0" covered="5"/><counter type="COMPLEXITY" missed="0" covered="2"/><counter type="METHOD" missed="0" covered="1"/></method><method name="getTodayMatches" desc="()Ljava/util/List;" line="177"><counter type="INSTRUCTION" missed="0" covered="15"/><counter type="LINE" missed="0" covered="3"/><counter type="COMPLEXITY" missed="0" covered="1"/><counter type="METHOD" missed="0" covered="1"/></method><method name="convertToDTO" desc="(Lcom/tournament_football_backend/model/Match;)Lcom/tournament_football_backend/dto/MatchDTO;" line="183"><counter type="INSTRUCTION" missed="0" covered="64"/><counter type="LINE" missed="0" covered="15"/><counter type="COMPLEXITY" missed="0" covered="1"/><counter type="METHOD" missed="0" covered="1"/></method><method name="lambda$updateResult$1" desc="(Ljava/lang/Integer;Ljava/lang/Integer;Lcom/tournament_football_backend/model/Match;)Lcom/tournament_football_backend/dto/MatchDTO;" line="121"><counter type="INSTRUCTION" missed="0" covered="17"/><counter type="LINE" missed="0" covered="4"/><counter type="COMPLEXITY" missed="0" covered="1"/><counter type="METHOD" missed="0" covered="1"/></method><method name="lambda$updateMatch$0" desc="(Lcom/tournament_football_backend/dto/UpdateMatchDTO;Lcom/tournament_football_backend/model/Match;)Lcom/tournament_football_backend/dto/MatchDTO;" line="95"><counter type="INSTRUCTION" missed="12" covered="42"/><counter type="BRANCH" missed="7" covered="9"/><counter type="LINE" missed="2" covered="10"/><counter type="COMPLEXITY" missed="6" covered="3"/><counter type="METHOD" missed="0" covered="1"/></method><counter type="INSTRUCTION" missed="13" covered="392"/><counter type="BRANCH" missed="11" covered="33"/><counter type="LINE" missed="2" covered="90"/><counter type="COMPLEXITY" missed="10" covered="27"/><counter type="METHOD" missed="0" covered="15"/><counter type="CLASS" missed="0" covered="1"/></class><class name="com/tournament_football_backend/service/TeamService" sourcefilename="TeamService.java"><method name="&lt;init&gt;" desc="()V" line="26"><counter type="INSTRUCTION" missed="0" covered="3"/><counter type="LINE" missed="0" covered="1"/><counter type="COMPLEXITY" missed="0" covered="1"/><counter type="METHOD" missed="0" covered="1"/></method><method name="getAllTeams" desc="()Ljava/util/List;" line="35"><counter type="INSTRUCTION" missed="0" covered="11"/><counter type="LINE" missed="0" covered="3"/><counter type="COMPLEXITY" missed="0" covered="1"/><counter type="METHOD" missed="0" covered="1"/></method><method name="getTeamById" desc="(Ljava/lang/Long;)Ljava/util/Optional;" line="41"><counter type="INSTRUCTION" missed="0" covered="8"/><counter type="LINE" missed="0" covered="2"/><counter type="COMPLEXITY" missed="0" covered="1"/><counter type="METHOD" missed="0" covered="1"/></method><method name="getTeamByName" desc="(Ljava/lang/String;)Ljava/util/Optional;" line="46"><counter type="INSTRUCTION" missed="0" covered="8"/><counter type="LINE" missed="0" covered="2"/><counter type="COMPLEXITY" missed="0" covered="1"/><counter type="METHOD" missed="0" covered="1"/></method><method name="createTeam" desc="(Lcom/tournament_football_backend/dto/CreateTeamDTO;)Lcom/tournament_football_backend/dto/TeamDTO;" line="52"><counter type="INSTRUCTION" missed="0" covered="28"/><counter type="BRANCH" missed="0" covered="2"/><counter type="LINE" missed="0" covered="6"/><counter type="COMPLEXITY" missed="0" covered="2"/><counter type="METHOD" missed="0" covered="1"/></method><method name="updateTeam" desc="(Ljava/lang/Long;Lcom/tournament_football_backend/dto/UpdateTeamDTO;)Ljava/util/Optional;" line="64"><counter type="INSTRUCTION" missed="0" covered="9"/><counter type="LINE" missed="0" covered="2"/><counter type="COMPLEXITY" missed="0" covered="1"/><counter type="METHOD" missed="0" covered="1"/></method><method name="deleteTeam" desc="(Ljava/lang/Long;)Z" line="80"><counter type="INSTRUCTION" missed="0" covered="15"/><counter type="BRANCH" missed="0" covered="2"/><counter type="LINE" missed="0" covered="4"/><counter type="COMPLEXITY" missed="0" covered="2"/><counter type="METHOD" missed="0" covered="1"/></method><method name="addPlayer" desc="(Ljava/lang/Long;Ljava/lang/Long;)Z" line="89"><counter type="INSTRUCTION" missed="0" covered="35"/><counter type="BRANCH" missed="0" covered="2"/><counter type="LINE" missed="0" covered="9"/><counter type="COMPLEXITY" missed="0" covered="2"/><counter type="METHOD" missed="0" covered="1"/></method><method name="removePlayer" desc="(Ljava/lang/Long;Ljava/lang/Long;)Z" line="106"><counter type="INSTRUCTION" missed="0" covered="35"/><counter type="BRANCH" missed="0" covered="2"/><counter type="LINE" missed="0" covered="9"/><counter type="COMPLEXITY" missed="0" covered="2"/><counter type="METHOD" missed="0" covered="1"/></method><method name="getTeamsByPlayer" desc="(Ljava/lang/Long;)Ljava/util/List;" line="124"><counter type="INSTRUCTION" missed="0" covered="21"/><counter type="BRANCH" missed="0" cover
[...]
hod><counter type="INSTRUCTION" missed="100" covered="3"/><counter type="LINE" missed="23" covered="1"/><counter type="COMPLEXITY" missed="13" covered="1"/><counter type="METHOD" missed="13" covered="1"/><counter type="CLASS" missed="0" covered="1"/></class><class name="com/tournament_football_backend/controller/AuthController" sourcefilename="AuthController.java"><method name="&lt;init&gt;" desc="()V" line="20"><counter type="INSTRUCTION" missed="0" covered="3"/><counter type="LINE" missed="0" covered="1"/><counter type="COMPLEXITY" missed="0" covered="1"/><counter type="METHOD" missed="0" covered="1"/></method><method name="authenticateUser" desc="(Lcom/tournament_football_backend/dto/AuthDTO$LoginRequest;)Lorg/springframework/http/ResponseEntity;" line="33"><counter type="INSTRUCTION" missed="40" covered="0"/><counter type="LINE" missed="8" covered="0"/><counter type="COMPLEXITY" missed="1" covered="0"/><counter type="METHOD" missed="1" covered="0"/></method><method name="registerUser" desc="(Lcom/tournament_football_backend/dto/AuthDTO$RegisterRequest;)Lorg/springframework/http/ResponseEntity;" line="50"><counter type="INSTRUCTION" missed="25" covered="0"/><counter type="LINE" missed="5" covered="0"/><counter type="COMPLEXITY" missed="1" covered="0"/><counter type="METHOD" missed="1" covered="0"/></method><counter type="INSTRUCTION" missed="65" covered="3"/><counter type="LINE" missed="13" covered="1"/><counter type="COMPLEXITY" missed="2" covered="1"/><counter type="METHOD" missed="2" covered="1"/><counter type="CLASS" missed="0" covered="1"/></class><class name="com/tournament_football_backend/controller/MatchController" sourcefilename="MatchController.java"><method name="&lt;init&gt;" desc="()V" line="22"><counter type="INSTRUCTION" missed="0" covered="3"/><counter type="LINE" missed="0" covered="1"/><counter type="COMPLEXITY" missed="0" covered="1"/><counter type="METHOD" missed="0" covered="1"/></method><method name="getAllMatches" desc="()Lorg/springframework/http/ResponseEntity;" line="30"><counter type="INSTRUCTION" missed="7" covered="0"/><counter type="LINE" missed="2" covered="0"/><counter type="COMPLEXITY" missed="1" covered="0"/><counter type="METHOD" missed="1" covered="0"/></method><method name="getMatchById" desc="(Ljava/lang/Long;)Lorg/springframework/http/ResponseEntity;" line="37"><counter type="INSTRUCTION" missed="11" covered="0"/><counter type="LINE" missed="3" covered="0"/><counter type="COMPLEXITY" missed="1" covered="0"/><counter type="METHOD" missed="1" covered="0"/></method><method name="createMatch" desc="(Lcom/tournament_football_backend/dto/CreateMatchDTO;)Lorg/springframework/http/ResponseEntity;" line="46"><counter type="INSTRUCTION" missed="8" covered="0"/><counter type="LINE" missed="2" covered="0"/><counter type="COMPLEXITY" missed="1" covered="0"/><counter type="METHOD" missed="1" covered="0"/></method><method name="updateMatch" desc="(Ljava/lang/Long;Lcom/tournament_football_backend/dto/UpdateMatchDTO;)Lorg/springframework/http/ResponseEntity;" line="54"><counter type="INSTRUCTION" missed="12" covered="0"/><counter type="LINE" missed="3" covered="0"/><counter type="COMPLEXITY" missed="1" covered="0"/><counter type="METHOD" missed="1" covered="0"/></method><method name="updateResult" desc="(Ljava/lang/Long;Ljava/util/Map;)Lorg/springframework/http/ResponseEntity;" line="63"><counter type="INSTRUCTION" missed="23" covered="0"/><counter type="LINE" missed="5" covered="0"/><counter type="COMPLEXITY" missed="1" covered="0"/><counter type="METHOD" missed="1" covered="0"/></method><method name="deleteMatch" desc="(Ljava/lang/Long;)Lorg/springframework/http/ResponseEntity;" line="75"><counter type="INSTRUCTION" missed="8" covered="0"/><counter type="LINE" missed="2" covered="0"/><counter type="COMPLEXITY" missed="1" covered="0"/><counter type="METHOD" missed="1" covered="0"/></method><method name="getMatchesByTournament" desc="(Ljava/lang/Long;)Lorg/springframework/http/ResponseEntity;" line="82"><counter type="INSTRUCTION" missed="8" covered="0"/><counter type="LINE" missed="2" covered="0"/><counter type="COMPLEXITY" missed="1" covered="0"/><counter type="METHOD" missed="1" covered="0"/></method><method name="getMatchesByTeam" desc="(Ljava/lang/Long;)Lorg/springframework/http/ResponseEntity;" line="89"><counter type="INSTRUCTION" missed="8" covered="0"/><counter type="LINE" missed="2" covered="0"/><counter type="COMPLEXITY" missed="1" covered="0"/><counter type="METHOD" missed="1" covered="0"/></method><method name="getMatchesByStatus" desc="(Lcom/tournament_football_backend/model/MatchStatus;)Lorg/springframework/http/ResponseEntity;" line="96"><counter type="INSTRUCTION" missed="8" covered="0"/><counter type="LINE" missed="2" covered="0"/><counter type="COMPLEXITY" missed="1" covered="0"/><counter type="METHOD" missed="1" covered="0"/></method><method name="getMatchesByPeriod" desc="(Ljava/time/LocalDateTime;Ljava/time/LocalDateTime;)Lorg/springframework/http/ResponseEntity;" line="105"><counter type="INSTRUCTION" missed="9" covered="0"/><counter type="LINE" missed="2" covered="0"/><counter type="COMPLEXITY" missed="1" covered="0"/><counter type="METHOD" missed="1" covered="0"/></method><method name="getTodayMatches" desc="()Lorg/springframework/http/ResponseEntity;" line="112"><counter type="INSTRUCTION" missed="7" covered="0"/><counter type="LINE" missed="2" covered="0"/><counter type="COMPLEXITY" missed="1" covered="0"/><counter type="METHOD" missed="1" covered="0"/></method><method name="lambda$updateResult$2" desc="(Lcom/tournament_football_backend/dto/MatchDTO;)Lorg/springframework/http/ResponseEntity;" line="67"><counter type="INSTRUCTION" missed="3" covered="0"/><counter type="LINE" missed="1" covered="0"/><counter type="COMPLEXITY" missed="1" covered="0"/><counter type="METHOD" missed="1" covered="0"/></method><method name="lambda$updateMatch$1" desc="(Lcom/tournament_football_backend/dto/MatchDTO;)Lorg/springframework/http/ResponseEntity;" line="55"><counter type="INSTRUCTION" missed="3" covered="0"/><counter type="LINE" missed="1" covered="0"/><counter type="COMPLEXITY" missed="1" covered="0"/><counter type="METHOD" missed="1" covered="0"/></method><method name="lambda$getMatchById$0" desc="(Lcom/tournament_football_backend/dto/MatchDTO;)Lorg/springframework/http/ResponseEntity;" line="38"><counter type="INSTRUCTION" missed="3" covered="0"/><counter type="LINE" missed="1" covered="0"/><counter type="COMPLEXITY" missed="1" covered="0"/><counter type="METHOD" missed="1" covered="0"/></method><counter type="INSTRUCTION" missed="118" covered="3"/><counter type="LINE" missed="27" covered="1"/><counter type="COMPLEXITY" missed="14" covered="1"/><counter type="METHOD" missed="14" covered="1"/><counter type="CLASS" missed="0" covered="1"/></class><class name="com/tournament_football_backend/controller/AuthController$MessageResponse" sourcefilename="AuthController.java"><method name="&lt;init&gt;" desc="(Ljava/lang/String;)V" line="63"><counter type="INSTRUCTION" missed="6" covered="0"/><counter type="LINE" missed="3" covered="0"/><counter type="COMPLEXITY" missed="1" covered="0"/><counter type="METHOD" missed="1" covered="0"/></method><method name="getMessage" desc="()Ljava/lang/String;" line="68"><counter type="INSTRUCTION" missed="3" covered="0"/><counter type="LINE" missed="1" covered="0"/><counter type="COMPLEXITY" missed="1" covered="0"/><counter type="METHOD" missed="1" covered="0"/></method><method name="setMessage" desc="(Ljava/lang/String;)V" line="72"><counter type="INSTRUCTION" missed="4" covered="0"/><counter type="LINE" missed="2" covered="0"/><counter type="COMPLEXITY" missed="1" covered="0"/><counter type="METHOD" missed="1" covered="0"/></method><counter type="INSTRUCTION" missed="13" covered="0"/><counter type="LINE" missed="6" covered="0"/><counter type="COMPLEXITY" missed="3" covered="0"/><counter type="METHOD" missed="3" covered="0"/><counter type="CLASS" missed="1" covered="0"/></class><class name="com/tournament_football_backend/controller/TournamentController" sourcefilename="TournamentController.java"><method name="&lt;init&gt;" desc="()V" line="19"><counter type="INSTRUCTION" missed="0" covered="3"/><counter type="LINE" missed="0" covered="1"/><counter type="COMPLEXITY" missed="0" covered="1"/><counter type="METHOD" missed="0" covered="1"/></method><method name="getAllTournaments" desc="()Lorg/springframework/http/ResponseEntity;" line="27"><counter type="INSTRUCTION" missed="7" covered="0"/><counter type="LINE" missed="2" covered="0"/><counter type="COMPLEXITY" missed="1" covered="0"/><counter type="METHOD" missed="1" covered="0"/></method><method name="getTournamentById" desc="(Ljava/lang/Long;)Lorg/springframework/http/ResponseEntity;" line="34"><counter type="INSTRUCTION" missed="11" covered="0"/><counter type="LINE" missed="3" covered="0"/><counter type="COMPLEXITY" missed="1" covered="0"/><counter type="METHOD" missed="1" covered="0"/></method><method name="createTournament" desc="(Lcom/tournament_football_backend/dto/CreateTournamentDTO;)Lorg/springframework/http/ResponseEntity;" line="43"><counter type="INSTRUCTION" missed="8" covered="0"/><counter type="LINE" missed="2" covered="0"/><counter type="COMPLEXITY" missed="1" covered="0"/><counter type="METHOD" missed="1" covered="0"/></method><method name="updateTournament" desc="(Ljava/lang/Long;Lcom/tournament_football_backend/dto/UpdateTournamentDTO;)Lorg/springframework/http/ResponseEntity;" line="51"><counter type="INSTRUCTION" missed="12" covered="0"/><counter type="LINE" missed="3" covered="0"/><counter type="COMPLEXITY" missed="1" covered="0"/><counter type="METHOD" missed="1" covered="0"/></method><method name="deleteTournament" desc="(Ljava/lang/Long;)Lorg/springframework/http/ResponseEntity;" line="60"><counter type="INSTRUCTION" missed="8" covered="0"/><counter type="LINE" missed="2" covered="0"/><counter type="COMPLEXITY" missed="1" covered="0"/><counter type="METHOD" missed="1" covered="0"/></method><method name="registerTeam" desc="(Ljava/lang/Long;Ljava/lang/Long;)Lorg/springframework/http/ResponseEntity;" line="68"><counter type="INSTRUCTION" missed="9" covered="0"/><counter type="LINE" missed="2" covered="0"/><counter type="COMPLEXITY" missed="1" covered="0"/><counter type="METHOD" missed="1" covered="0"/></method><method name="removeTeam" desc="(Ljava/lang/Long;Ljava/lang/Long;)Lorg/springframework/http/ResponseEntity;" line="76"><counter type="INSTRUCTION" missed="9" covered="0"/><counter type="LINE" missed="2" covered="0"/><counter type="COMPLEXITY" missed="1" covered="0"/><counter type="METHOD" missed="1" covered="0"/></method><method name="getTournamentsByStatus" desc="(Lcom/tournament_football_backend/model/TournamentStatus;)Lorg/springframework/http/ResponseEntity;" line="83"><counter type="INSTRUCTION" missed="8" covered="0"/><counter type="LINE" missed="2" covered="0"/><counter type="COMPLEXITY" missed="1" covered="0"/><counter type="METHOD" missed="1" covered="0"/></method><method name="getUpcomingTournaments" desc="()Lorg/springframework/http/ResponseEntity;" line="90"><counter type="INSTRUCTION" missed="7" covered="0"/><counter type="LINE" missed="2" covered="0"/><counter type="COMPLEXITY" missed="1" covered="0"/><counter type="METHOD" missed="1" covered="0"/></method><method name="getTournamentsByTeam" desc="(Ljava/lang/Long;)Lorg/springframework/http/ResponseEntity;" line="97"><counter type="INSTRUCTION" missed="8" covered="0"/><counter type="LINE" missed="2" covered="0"/><counter type="COMPLEXITY" missed="1" covered="0"/><counter type="METHOD" missed="1" covered="0"/></method><method name="searchTournaments" desc="(Ljava/lang/String;)Lorg/springframework/http/ResponseEntity;" line="104"><counter type="INSTRUCTION" missed="8" covered="0"/><counter type="LINE" missed="2" covered="0"/><counter type="COMPLEXITY" missed="1" covered="0"/><counter type="METHOD" missed="1" covered="0"/></method><method name="lambda$updateTournament$1" desc="(Lcom/tournament_football_backend/dto/TournamentDTO;)Lorg/springframework/http/ResponseEntity;" line="52"><counter type="INSTRUCTION" missed="3" covered="0"/><counter type="LINE" missed="1" covered="0"/><counter type="COMPLEXITY" missed="1" covered="0"/><counter type="METHOD" missed="1" covered="0"/></method><method name="lambda$getTournamentById$0" desc="(Lcom/tournament_football_backend/dto/TournamentDTO;)Lorg/springframework/http/ResponseEntity;" line="35"><counter type="INSTRUCTION" missed="3" covered="0"/><counter type="LINE" missed="1" covered="0"/><counter type="COMPLEXITY" missed="1" covered="0"/><counter type="METHOD" missed="1" covered="0"/></method><counter type="INSTRUCTION" missed="101" covered="3"/><counter type="LINE" missed="24" covered="1"/><counter type="COMPLEXITY" missed="13" covered="1"/><counter type="METHOD" missed="13" covered="1"/><counter type="CLASS" missed="0" covered="1"/></class><sourcefile name="MatchController.java"><line nr="22" mi="0" ci="3" mb="0" cb="0"/><line nr="30" mi="4" ci="0" mb="0" cb="0"/><line nr="31" mi="3" ci="0" mb="0" cb="0"/><line nr="37" mi="6" ci="0" mb="0" cb="0"/><line nr="38" mi="4" ci="0" mb="0" cb="0"/><line nr="39" mi="4" ci="0" mb="0" cb="0"/><line nr="46" mi="5" ci="0" mb="0" cb="0"/><line nr="47" mi="3" ci="0" mb="0" cb="0"/><line nr="54" mi="7" ci="0" mb="0" cb="0"/><line nr="55" mi="4" ci="0" mb="0" cb="0"/><line nr="56" mi="4" ci="0" mb="0" cb="0"/><line nr="63" mi="5" ci="0" mb="0" cb="0"/><line nr="64" mi="5" ci="0" mb="0" cb="0"/><line nr="66" mi="8" ci="0" mb="0" cb="0"/><line nr="67" mi="4" ci="0" mb="0" cb="0"/><line nr="68" mi="4" ci="0" mb="0" cb="0"/><line nr="75" mi="5" ci="0" mb="0" cb="0"/><line nr="76" mi="3" ci="0" mb="0" cb="0"/><line nr="82" mi="5" ci="0" mb="0" cb="0"/><line nr="83" mi="3" ci="0" mb="0" cb="0"/><line nr="89" mi="5" ci="0" mb="0" cb="0"/><line nr="90" mi="3" ci="0" mb="0" cb="0"/><line nr="96" mi="5" ci="0" mb="0" cb="0"/><line nr="97" mi="3" ci="0" mb="0" cb="0"/><line nr="105" mi="6" ci="0" mb="0" cb="0"/><line nr="106" mi="3" ci="0" mb="0" cb="0"/><line nr="112" mi="4" ci="0" mb="0" cb="0"/><line nr="113" mi="3" ci="0" mb="0" cb="0"/><counter type="INSTRUCTION" missed="118" covered="3"/><counter type="LINE" missed="27" covered="1"/><counter type="COMPLEXITY" missed="14" covered="1"/><counter type="METHOD" missed="14" covered="1"/><counter type="CLASS" missed="0" covered="1"/></sourcefile><sourcefile name="TeamController.java"><line nr="18" mi="0" ci="3" mb="0" cb="0"/><line nr="26" mi="4" ci="0" mb="0" cb="0"/><line nr="27" mi="3" ci="0" mb="0" cb="0"/><line nr="33" mi="6" ci="0" mb="0" cb="0"/><line nr="34" mi="4" ci="0" mb="0" cb="0"/><line nr="35" mi="4" ci="0" mb="0" cb="0"/><line nr="41" mi="6" ci="0" mb="0" cb="0"/><line nr="42" mi="4" ci="0" mb="0" cb="0"/><line nr="43" mi="4" ci="0" mb="0" cb="0"/><line nr="50" mi="5" ci="0" mb="0" cb="0"/><line nr="51" mi="3" ci="0" mb="0" cb="0"/><line nr="58" mi="7" ci="0" mb="0" cb="0"/><line nr="59" mi="4" ci="0" mb="0" cb="0"/><line nr="60" mi="4" ci="0" mb="0" cb="0"/><line nr="67" mi="5" ci="0" mb="0" cb="0"/><line nr="68" mi="3" ci="0" mb="0" cb="0"/><line nr="75" mi="6" ci="0" mb="0" cb="0"/><line nr="76" mi="3" ci="0" mb="0" cb="0"/><line nr="83" mi="6" ci="0" mb="0" cb="0"/><line nr="84" mi="3" ci="0" mb="0" cb="0"/><line nr="90" mi="5" ci="0" mb="0" cb="0"/><line nr="91" mi="3" ci="0" mb="0" cb="0"/><line nr="97" mi="5" ci="0" mb="0" cb="0"/><line nr="98" mi="3" ci="0" mb="0" cb="0"/><counter type="INSTRUCTION" missed="100" covered="3"/><counter type="LINE" missed="23" covered="1"/><counter type="COMPLEXITY" missed="13" covered="1"/><counter type="METHOD" missed="13" covered="1"/><counter type="CLASS" missed="0" covered="1"/></sourcefile><sourcefile name="TournamentController.java"><line nr="19" mi="0" ci="3" mb="0" cb="0"/><line nr="27" mi="4" ci="0" mb="0" cb="0"/><line nr="28" mi="3" ci="0" mb="0" cb="0"/><line nr="34" mi="6" ci="0" mb="0" cb="0"/><line nr="35" mi="4" ci="0" mb="0" cb="0"/><line nr="36" mi="4" ci="0" mb="0" cb="0"/><line nr="43" mi="5" ci="0" mb="0" cb="0"/><line nr="44" mi="3" ci="0" mb="0" cb="0"/><line nr="51" mi="7" ci="0" mb="0" cb="0"/><line nr="52" mi="4" ci="0" mb="0" cb="0"/><line nr="53" mi="4" ci="0" mb="0" cb="0"/><line nr="60" mi="5" ci="0" mb="0" cb="0"/><line nr="61" mi="3" ci="0" mb="0" cb="0"/><line nr="68" mi="6" ci="0" mb="0" cb="0"/><line nr="69" mi="3" ci="0" mb="0" cb="0"/><line nr="76" mi="6" ci="0" mb="0" cb="0"/><line nr="77" mi="3" ci="0" mb="0" cb="0"/><line nr="83" mi="5" ci="0" mb="0" cb="0"/><line nr="84" mi="3" ci="0" mb="0" cb="0"/><line nr="90" mi="4" ci="0" mb="0" cb="0"/><line nr="91" mi="3" ci="0" mb="0" cb="0"/><line nr="97" mi="5" ci="0" mb="0" cb="0"/><line nr="98" mi="3" ci="0" mb="0" cb="0"/><line nr="104" mi="5" ci="0" mb="0" cb="0"/><line nr="105" mi="3" ci="0" mb="0" cb="0"/><counter type="INSTRUCTION" missed="101" covered="3"/><counter type="LINE" missed="24" covered="1"/><counter type="COMPLEXITY" missed="13" covered="1"/><counter type="METHOD" missed="13" covered="1"/><counter type="CLASS" missed="0" covered="1"/></sourcefile><sourcefile name="AuthController.java"><line nr="20" mi="0" ci="3" mb="0" cb="0"/><line nr="33" mi="7" ci="0" mb="0" cb="0"/><line nr="34" mi="4" ci="0" mb="0" cb="0"/><line nr="36" mi="3" ci="0" mb="0" cb="0"/><line nr="37" mi="5" ci="0" mb="0" cb="0"/><line nr="39" mi="4" ci="0" mb="0" cb="0"/><line nr="40" mi="7" ci="0" mb="0" cb="0"/><line nr="42" mi="6" ci="0" mb="0" cb="0"/><line nr="43" mi="4" ci="0" mb="0" cb="0"/><line nr="50" mi="4" ci="0" mb="0" cb="0"/><line nr="51" mi="4" ci="0" mb="0" cb="0"/><line nr="52" mi="4" ci="0" mb="0" cb="0"/><line nr="54" mi="7" ci="0" mb="0" cb="0"/><line nr="56" mi="6" ci="0" mb="0" cb="0"/><line nr="63" mi="2" ci="0" mb="0" cb="0"/><line nr="64" mi="3" ci="0" mb="0" cb="0"/><line nr="65" mi="1" ci="0" mb="0" cb="0"/><line nr="68" mi="3" ci="0" mb="0" cb="0"/><line nr="72" mi="3" ci="0" mb="0" cb="0"/><line nr="73" mi="1" ci="0" mb="0" cb="0"/><counter type="INSTRUCTION" missed="78" covered="3"/><counter type="LINE" missed="19" covered="1"/><counter type="COMPLEXITY" missed="5" covered="1"/><counter type="METHOD" missed="5" covered="1"/><counter type="CLASS" missed="1" covered="1"/></sourcefile><sourcefile name="UserController.java"><line nr="18" mi="0" ci="3" mb="0" cb="0"/><line nr="27" mi="4" ci="0" mb="0" cb="0"/><line nr="28" mi="3" ci="0" mb="0" cb="0"/><line nr="35" mi="6" ci="0" mb="0" cb="0"/><line nr="36" mi="4" ci="0" mb="0" cb="0"/><line nr="37" mi="4" ci="0" mb="0" cb="0"/><line nr="44" mi="6" ci="0" mb="0" cb="0"/><line nr="45" mi="4" ci="0" mb="0" cb="0"/><line nr="46" mi="4" ci="0" mb="0" cb="0"/><line nr="53" mi="7" ci="0" mb="0" cb="0"/><line nr="54" mi="4" ci="0" mb="0" cb="0"/><line nr="55" mi="4" ci="0" mb="0" cb="0"/><line nr="62" mi="5" ci="0" mb="0" cb="0"/><line nr="63" mi="3" ci="0" mb="0" cb="0"/><line nr="70" mi="7" ci="0" mb="0" cb="0"/><line nr="71" mi="4" ci="0" mb="0" cb="0"/><line nr="72" mi="4" ci="0" mb="0" cb="0"/><line nr="79" mi="5" ci="0" mb="0" cb="0"/><line nr="80" mi="3" ci="0" mb="0" cb="0"/><counter type="INSTRUCTION" missed="81" covered="3"/><counter type="LINE" missed="18" covered="1"/><counter type="COMPLEXITY" missed="11" covered="1"/><counter type="METHOD" missed="11" covered="1"/><counter type="CLASS" missed="0" covered="1"/></sourcefile><counter type="INSTRUCTION" missed="478" covered="15"/><counter type="LINE" missed="111" covered="5"/><counter type="COMPLEXITY" missed="56" covered="5"/><counter type="METHOD" missed="56" covered="5"/><counter type="CLASS" missed="1" covered="5"/></package><counter type="INSTRUCTION" missed="1320" covered="2749"/><counter type="BRANCH" missed="55" covered="135"/><counter type="LINE" missed="365" covered="766"/><counter type="COMPLEXITY" missed="185" covered="393"/><counter type="METHOD" missed="147" covered="336"/><counter type="CLASS" missed="13" covered="57"/></report>